[2025-05-27 17:19:52] production.ERROR: Call to undefined function Illuminate\Filesystem\exec() {"userId":1,"exception":"[object] (Error(code: 0): Call to undefined function Illuminate\\Filesystem\\exec() at /home/vol1_1/infinityfree.com/if0_38241904/moraw.ct.ws/htdocs/vendor/laravel/framework/src/Illuminate/Filesystem/Filesystem.php:358)
[stacktrace]
#0 /home/vol1_1/infinityfree.com/if0_38241904/moraw.ct.ws/htdocs/vendor/laravel/framework/src/Illuminate/Foundation/Console/StorageLinkCommand.php(49): Illuminate\\Filesystem\\Filesystem->link('/home/vol1_1/in...', '/home/vol1_1/in...')
#1 /home/vol1_1/infinityfree.com/if0_38241904/moraw.ct.ws/htdocs/vendor/laravel/framework/src/Illuminate/Container/BoundMethod.php(36): Illuminate\\Foundation\\Console\\StorageLinkCommand->handle()
#2 /home/vol1_1/infinityfree.com/if0_38241904/moraw.ct.ws/htdocs/vendor/laravel/framework/src/Illuminate/Container/Util.php(43): Illuminate\\Container\\BoundMethod::Illuminate\\Container\\{closure}()
#3 /home/vol1_1/infinityfree.com/if0_38241904/moraw.ct.ws/htdocs/vendor/laravel/framework/src/Illuminate/Container/BoundMethod.php(96): Illuminate\\Container\\Util::unwrapIfClosure(Object(Closure))
#4 /home/vol1_1/infinityfree.com/if0_38241904/moraw.ct.ws/htdocs/vendor/laravel/framework/src/Illuminate/Container/BoundMethod.php(35): Illuminate\\Container\\BoundMethod::callBoundMethod(Object(Illuminate\\Foundation\\Application), Array, Object(Closure))
#5 /home/vol1_1/infinityfree.com/if0_38241904/moraw.ct.ws/htdocs/vendor/laravel/framework/src/Illuminate/Container/Container.php(754): Illuminate\\Container\\BoundMethod::call(Object(Illuminate\\Foundation\\Application), Array, Array, NULL)
#6 /home/vol1_1/infinityfree.com/if0_38241904/moraw.ct.ws/htdocs/vendor/laravel/framework/src/Illuminate/Console/Command.php(211): Illuminate\\Container\\Container->call(Array)
#7 /home/vol1_1/infinityfree.com/if0_38241904/moraw.ct.ws/htdocs/vendor/symfony/console/Command/Command.php(279): Illuminate\\Console\\Command->execute(Object(Symfony\\Component\\Console\\Input\\StringInput), Object(Illuminate\\Console\\OutputStyle))
#8 /home/vol1_1/infinityfree.com/if0_38241904/moraw.ct.ws/htdocs/vendor/laravel/framework/src/Illuminate/Console/Command.php(180): Symfony\\Component\\Console\\Command\\Command->run(Object(Symfony\\Component\\Console\\Input\\StringInput), Object(Illuminate\\Console\\OutputStyle))
#9 /home/vol1_1/infinityfree.com/if0_38241904/moraw.ct.ws/htdocs/vendor/symfony/console/Application.php(1094): Illuminate\\Console\\Command->run(Object(Symfony\\Component\\Console\\Input\\StringInput), Object(Symfony\\Component\\Console\\Output\\BufferedOutput))
#10 /home/vol1_1/infinityfree.com/if0_38241904/moraw.ct.ws/htdocs/vendor/symfony/console/Application.php(342): Symfony\\Component\\Console\\Application->doRunCommand(Object(Illuminate\\Foundation\\Console\\StorageLinkCommand), Object(Symfony\\Component\\Console\\Input\\StringInput), Object(Symfony\\Component\\Console\\Output\\BufferedOutput))
#11 /home/vol1_1/infinityfree.com/if0_38241904/moraw.ct.ws/htdocs/vendor/symfony/console/Application.php(193): Symfony\\Component\\Console\\Application->doRun(Object(Symfony\\Component\\Console\\Input\\StringInput), Object(Symfony\\Component\\Console\\Output\\BufferedOutput))
#12 /home/vol1_1/infinityfree.com/if0_38241904/moraw.ct.ws/htdocs/vendor/laravel/framework/src/Illuminate/Console/Application.php(163): Symfony\\Component\\Console\\Application->run(Object(Symfony\\Component\\Console\\Input\\StringInput), Object(Symfony\\Component\\Console\\Output\\BufferedOutput))
#13 /home/vol1_1/infinityfree.com/if0_38241904/moraw.ct.ws/htdocs/vendor/laravel/framework/src/Illuminate/Foundation/Console/Kernel.php(426): Illuminate\\Console\\Application->call('storage:link', Array, NULL)
#14 /home/vol1_1/infinityfree.com/if0_38241904/moraw.ct.ws/htdocs/vendor/laravel/framework/src/Illuminate/Support/Facades/Facade.php(361): Illuminate\\Foundation\\Console\\Kernel->call('storage:link')
#15 /home/vol1_1/infinityfree.com/if0_38241904/moraw.ct.ws/htdocs/routes/web.php(34): Illuminate\\Support\\Facades\\Facade::__callStatic('call', Array)
#16 /home/vol1_1/infinityfree.com/if0_38241904/moraw.ct.ws/htdocs/vendor/laravel/framework/src/Illuminate/Routing/CallableDispatcher.php(39): Illuminate\\Routing\\RouteFileRegistrar->{closure}('0891')
#17 /home/vol1_1/infinityfree.com/if0_38241904/moraw.ct.ws/htdocs/vendor/laravel/framework/src/Illuminate/Routing/Route.php(243): Illuminate\\Routing\\CallableDispatcher->dispatch(Object(Illuminate\\Routing\\Route), Object(Closure))
#18 /home/vol1_1/infinityfree.com/if0_38241904/moraw.ct.ws/htdocs/vendor/laravel/framework/src/Illuminate/Routing/Route.php(214): Illuminate\\Routing\\Route->runCallable()
#19 /home/vol1_1/infinityfree.com/if0_38241904/moraw.ct.ws/htdocs/vendor/laravel/framework/src/Illuminate/Routing/Router.php(808): Illuminate\\Routing\\Route->run()
#20 /home/vol1_1/infinityfree.com/if0_38241904/moraw.ct.ws/htdocs/vendor/laravel/framework/src/Illuminate/Pipeline/Pipeline.php(169): Illuminate\\Routing\\Router->Illuminate\\Routing\\{closure}(Object(Illuminate\\Http\\Request))
#21 /home/vol1_1/infinityfree.com/if0_38241904/moraw.ct.ws/htdocs/app/Http/Middleware/RedirectBasedOnRole.php(22): Illuminate\\Pipeline\\Pipeline->Illuminate\\Pipeline\\{closure}(Object(Illuminate\\Http\\Request))
#22 /home/vol1_1/infinityfree.com/if0_38241904/moraw.ct.ws/htdocs/vendor/laravel/framework/src/Illuminate/Pipeline/Pipeline.php(208): App\\Http\\Middleware\\RedirectBasedOnRole->handle(Object(Illuminate\\Http\\Request), Object(Closure))
#23 /home/vol1_1/infinityfree.com/if0_38241904/moraw.ct.ws/htdocs/vendor/laravel/framework/src/Illuminate/Routing/Middleware/SubstituteBindings.php(50): Illuminate\\Pipeline\\Pipeline->Illuminate\\Pipeline\\{closure}(Object(Illuminate\\Http\\Request))
#24 /home/vol1_1/infinityfree.com/if0_38241904/moraw.ct.ws/htdocs/vendor/laravel/framework/src/Illuminate/Pipeline/Pipeline.php(208): Illuminate\\Routing\\Middleware\\SubstituteBindings->handle(Object(Illuminate\\Http\\Request), Object(Closure))
#25 /home/vol1_1/infinityfree.com/if0_38241904/moraw.ct.ws/htdocs/vendor/laravel/framework/src/Illuminate/Auth/Middleware/Authenticate.php(63): Illuminate\\Pipeline\\Pipeline->Illuminate\\Pipeline\\{closure}(Object(Illuminate\\Http\\Request))
#26 /home/vol1_1/infinityfree.com/if0_38241904/moraw.ct.ws/htdocs/vendor/laravel/framework/src/Illuminate/Pipeline/Pipeline.php(208): Illuminate\\Auth\\Middleware\\Authenticate->handle(Object(Illuminate\\Http\\Request), Object(Closure))
#27 /home/vol1_1/infinityfree.com/if0_38241904/moraw.ct.ws/htdocs/vendor/laravel/framework/src/Illuminate/Foundation/Http/Middleware/VerifyCsrfToken.php(87): Illuminate\\Pipeline\\Pipeline->Illuminate\\Pipeline\\{closure}(Object(Illuminate\\Http\\Request))
#28 /home/vol1_1/infinityfree.com/if0_38241904/moraw.ct.ws/htdocs/vendor/laravel/framework/src/Illuminate/Pipeline/Pipeline.php(208): Illuminate\\Foundation\\Http\\Middleware\\VerifyCsrfToken->handle(Object(Illuminate\\Http\\Request), Object(Closure))
#29 /home/vol1_1/infinityfree.com/if0_38241904/moraw.ct.ws/htdocs/vendor/laravel/framework/src/Illuminate/View/Middleware/ShareErrorsFromSession.php(48): Illuminate\\Pipeline\\Pipeline->Illuminate\\Pipeline\\{closure}(Object(Illuminate\\Http\\Request))
#30 /home/vol1_1/infinityfree.com/if0_38241904/moraw.ct.ws/htdocs/vendor/laravel/framework/src/Illuminate/Pipeline/Pipeline.php(208): Illuminate\\View\\Middleware\\ShareErrorsFromSession->handle(Object(Illuminate\\Http\\Request), Object(Closure))
#31 /home/vol1_1/infinityfree.com/if0_38241904/moraw.ct.ws/htdocs/vendor/laravel/framework/src/Illuminate/Session/Middleware/StartSession.php(120): Illuminate\\Pipeline\\Pipeline->Illuminate\\Pipeline\\{closure}(Object(Illuminate\\Http\\Request))
#32 /home/vol1_1/infinityfree.com/if0_38241904/moraw.ct.ws/htdocs/vendor/laravel/framework/src/Illuminate/Session/Middleware/StartSession.php(63): Illuminate\\Session\\Middleware\\StartSession->handleStatefulRequest(Object(Illuminate\\Http\\Request), Object(Illuminate\\Session\\Store), Object(Closure))
#33 /home/vol1_1/infinityfree.com/if0_38241904/moraw.ct.ws/htdocs/vendor/laravel/framework/src/Illuminate/Pipeline/Pipeline.php(208): Illuminate\\Session\\Middleware\\StartSession->handle(Object(Illuminate\\Http\\Request), Object(Closure))
#34 /home/vol1_1/infinityfree.com/if0_38241904/moraw.ct.ws/htdocs/vendor/laravel/framework/src/Illuminate/Cookie/Middleware/AddQueuedCookiesToResponse.php(36): Illuminate\\Pipeline\\Pipeline->Illuminate\\Pipeline\\{closure}(Object(Illuminate\\Http\\Request))
#35 /home/vol1_1/infinityfree.com/if0_38241904/moraw.ct.ws/htdocs/vendor/laravel/framework/src/Illuminate/Pipeline/Pipeline.php(208): Illuminate\\Cookie\\Middleware\\AddQueuedCookiesToResponse->handle(Object(Illuminate\\Http\\Request), Object(Closure))
#36 /home/vol1_1/infinityfree.com/if0_38241904/moraw.ct.ws/htdocs/vendor/laravel/framework/src/Illuminate/Cookie/Middleware/EncryptCookies.php(74): Illuminate\\Pipeline\\Pipeline->Illuminate\\Pipeline\\{closure}(Object(Illuminate\\Http\\Request))
#37 /home/vol1_1/infinityfree.com/if0_38241904/moraw.ct.ws/htdocs/vendor/laravel/framework/src/Illuminate/Pipeline/Pipeline.php(208): Illuminate\\Cookie\\Middleware\\EncryptCookies->handle(Object(Illuminate\\Http\\Request), Object(Closure))
#38 /home/vol1_1/infinityfree.com/if0_38241904/moraw.ct.ws/htdocs/vendor/laravel/framework/src/Illuminate/Pipeline/Pipeline.php(126): Illuminate\\Pipeline\\Pipeline->Illuminate\\Pipeline\\{closure}(Object(Illuminate\\Http\\Request))
#39 /home/vol1_1/infinityfree.com/if0_38241904/moraw.ct.ws/htdocs/vendor/laravel/framework/src/Illuminate/Routing/Router.php(807): Illuminate\\Pipeline\\Pipeline->then(Object(Closure))
#40 /home/vol1_1/infinityfree.com/if0_38241904/moraw.ct.ws/htdocs/vendor/laravel/framework/src/Illuminate/Routing/Router.php(786): Illuminate\\Routing\\Router->runRouteWithinStack(Object(Illuminate\\Routing\\Route), Object(Illuminate\\Http\\Request))
#41 /home/vol1_1/infinityfree.com/if0_38241904/moraw.ct.ws/htdocs/vendor/laravel/framework/src/Illuminate/Routing/Router.php(750): Illuminate\\Routing\\Router->runRoute(Object(Illuminate\\Http\\Request), Object(Illuminate\\Routing\\Route))
#42 /home/vol1_1/infinityfree.com/if0_38241904/moraw.ct.ws/htdocs/vendor/laravel/framework/src/Illuminate/Routing/Router.php(739): Illuminate\\Routing\\Router->dispatchToRoute(Object(Illuminate\\Http\\Request))
#43 /home/vol1_1/infinityfree.com/if0_38241904/moraw.ct.ws/htdocs/vendor/laravel/framework/src/Illuminate/Foundation/Http/Kernel.php(200): Illuminate\\Routing\\Router->dispatch(Object(Illuminate\\Http\\Request))
#44 /home/vol1_1/infinityfree.com/if0_38241904/moraw.ct.ws/htdocs/vendor/laravel/framework/src/Illuminate/Pipeline/Pipeline.php(169): Illuminate\\Foundation\\Http\\Kernel->Illuminate\\Foundation\\Http\\{closure}(Object(Illuminate\\Http\\Request))
#45 /home/vol1_1/infinityfree.com/if0_38241904/moraw.ct.ws/htdocs/vendor/livewire/livewire/src/Features/SupportDisablingBackButtonCache/DisableBackButtonCacheMiddleware.php(19): Illuminate\\Pipeline\\Pipeline->Illuminate\\Pipeline\\{closure}(Object(Illuminate\\Http\\Request))
#46 /home/vol1_1/infinityfree.com/if0_38241904/moraw.ct.ws/htdocs/vendor/laravel/framework/src/Illuminate/Pipeline/Pipeline.php(208): Livewire\\Features\\SupportDisablingBackButtonCache\\DisableBackButtonCacheMiddleware->handle(Object(Illuminate\\Http\\Request), Object(Closure))
#47 /home/vol1_1/infinityfree.com/if0_38241904/moraw.ct.ws/htdocs/vendor/laravel/framework/src/Illuminate/Foundation/Http/Middleware/TransformsRequest.php(21): Illuminate\\Pipeline\\Pipeline->Illuminate\\Pipeline\\{closure}(Object(Illuminate\\Http\\Request))
#48 /home/vol1_1/infinityfree.com/if0_38241904/moraw.ct.ws/htdocs/vendor/laravel/framework/src/Illuminate/Foundation/Http/Middleware/ConvertEmptyStringsToNull.php(31): Illuminate\\Foundation\\Http\\Middleware\\TransformsRequest->handle(Object(Illuminate\\Http\\Request), Object(Closure))
#49 /home/vol1_1/infinityfree.com/if0_38241904/moraw.ct.ws/htdocs/vendor/laravel/framework/src/Illuminate/Pipeline/Pipeline.php(208): Illuminate\\Foundation\\Http\\Middleware\\ConvertEmptyStringsToNull->handle(Object(Illuminate\\Http\\Request), Object(Closure))
#50 /home/vol1_1/infinityfree.com/if0_38241904/moraw.ct.ws/htdocs/vendor/laravel/framework/src/Illuminate/Foundation/Http/Middleware/TransformsRequest.php(21): Illuminate\\Pipeline\\Pipeline->Illuminate\\Pipeline\\{closure}(Object(Illuminate\\Http\\Request))
#51 /home/vol1_1/infinityfree.com/if0_38241904/moraw.ct.ws/htdocs/vendor/laravel/framework/src/Illuminate/Foundation/Http/Middleware/TrimStrings.php(51): Illuminate\\Foundation\\Http\\Middleware\\TransformsRequest->handle(Object(Illuminate\\Http\\Request), Object(Closure))
#52 /home/vol1_1/infinityfree.com/if0_38241904/moraw.ct.ws/htdocs/vendor/laravel/framework/src/Illuminate/Pipeline/Pipeline.php(208): Illuminate\\Foundation\\Http\\Middleware\\TrimStrings->handle(Object(Illuminate\\Http\\Request), Object(Closure))
#53 /home/vol1_1/infinityfree.com/if0_38241904/moraw.ct.ws/htdocs/vendor/laravel/framework/src/Illuminate/Http/Middleware/ValidatePostSize.php(27): Illuminate\\Pipeline\\Pipeline->Illuminate\\Pipeline\\{closure}(Object(Illuminate\\Http\\Request))
#54 /home/vol1_1/infinityfree.com/if0_38241904/moraw.ct.ws/htdocs/vendor/laravel/framework/src/Illuminate/Pipeline/Pipeline.php(208): Illuminate\\Http\\Middleware\\ValidatePostSize->handle(Object(Illuminate\\Http\\Request), Object(Closure))
#55 /home/vol1_1/infinityfree.com/if0_38241904/moraw.ct.ws/htdocs/vendor/laravel/framework/src/Illuminate/Foundation/Http/Middleware/PreventRequestsDuringMaintenance.php(109): Illuminate\\Pipeline\\Pipeline->Illuminate\\Pipeline\\{closure}(Object(Illuminate\\Http\\Request))
#56 /home/vol1_1/infinityfree.com/if0_38241904/moraw.ct.ws/htdocs/vendor/laravel/framework/src/Illuminate/Pipeline/Pipeline.php(208): Illuminate\\Foundation\\Http\\Middleware\\PreventRequestsDuringMaintenance->handle(Object(Illuminate\\Http\\Request), Object(Closure))
#57 /home/vol1_1/infinityfree.com/if0_38241904/moraw.ct.ws/htdocs/vendor/laravel/framework/src/Illuminate/Http/Middleware/HandleCors.php(48): Illuminate\\Pipeline\\Pipeline->Illuminate\\Pipeline\\{closure}(Object(Illuminate\\Http\\Request))
#58 /home/vol1_1/infinityfree.com/if0_38241904/moraw.ct.ws/htdocs/vendor/laravel/framework/src/Illuminate/Pipeline/Pipeline.php(208): Illuminate\\Http\\Middleware\\HandleCors->handle(Object(Illuminate\\Http\\Request), Object(Closure))
#59 /home/vol1_1/infinityfree.com/if0_38241904/moraw.ct.ws/htdocs/vendor/laravel/framework/src/Illuminate/Http/Middleware/TrustProxies.php(58): Illuminate\\Pipeline\\Pipeline->Illuminate\\Pipeline\\{closure}(Object(Illuminate\\Http\\Request))
#60 /home/vol1_1/infinityfree.com/if0_38241904/moraw.ct.ws/htdocs/vendor/laravel/framework/src/Illuminate/Pipeline/Pipeline.php(208): Illuminate\\Http\\Middleware\\TrustProxies->handle(Object(Illuminate\\Http\\Request), Object(Closure))
#61 /home/vol1_1/infinityfree.com/if0_38241904/moraw.ct.ws/htdocs/vendor/laravel/framework/src/Illuminate/Foundation/Http/Middleware/InvokeDeferredCallbacks.php(22): Illuminate\\Pipeline\\Pipeline->Illuminate\\Pipeline\\{closure}(Object(Illuminate\\Http\\Request))
#62 /home/vol1_1/infinityfree.com/if0_38241904/moraw.ct.ws/htdocs/vendor/laravel/framework/src/Illuminate/Pipeline/Pipeline.php(208): Illuminate\\Foundation\\Http\\Middleware\\InvokeDeferredCallbacks->handle(Object(Illuminate\\Http\\Request), Object(Closure))
#63 /home/vol1_1/infinityfree.com/if0_38241904/moraw.ct.ws/htdocs/vendor/laravel/framework/src/Illuminate/Http/Middleware/ValidatePathEncoding.php(26): Illuminate\\Pipeline\\Pipeline->Illuminate\\Pipeline\\{closure}(Object(Illuminate\\Http\\Request))
#64 /home/vol1_1/infinityfree.com/if0_38241904/moraw.ct.ws/htdocs/vendor/laravel/framework/src/Illuminate/Pipeline/Pipeline.php(208): Illuminate\\Http\\Middleware\\ValidatePathEncoding->handle(Object(Illuminate\\Http\\Request), Object(Closure))
#65 /home/vol1_1/infinityfree.com/if0_38241904/moraw.ct.ws/htdocs/vendor/laravel/framework/src/Illuminate/Pipeline/Pipeline.php(126): Illuminate\\Pipeline\\Pipeline->Illuminate\\Pipeline\\{closure}(Object(Illuminate\\Http\\Request))
#66 /home/vol1_1/infinityfree.com/if0_38241904/moraw.ct.ws/htdocs/vendor/laravel/framework/src/Illuminate/Foundation/Http/Kernel.php(175): Illuminate\\Pipeline\\Pipeline->then(Object(Closure))
#67 /home/vol1_1/infinityfree.com/if0_38241904/moraw.ct.ws/htdocs/vendor/laravel/framework/src/Illuminate/Foundation/Http/Kernel.php(144): Illuminate\\Foundation\\Http\\Kernel->sendRequestThroughRouter(Object(Illuminate\\Http\\Request))
#68 /home/vol1_1/infinityfree.com/if0_38241904/moraw.ct.ws/htdocs/vendor/laravel/framework/src/Illuminate/Foundation/Application.php(1219): Illuminate\\Foundation\\Http\\Kernel->handle(Object(Illuminate\\Http\\Request))
#69 /home/vol1_1/infinityfree.com/if0_38241904/moraw.ct.ws/htdocs/public/index.php(20): Illuminate\\Foundation\\Application->handleRequest(Object(Illuminate\\Http\\Request))
#70 {main}
"} 
[2025-05-27 19:35:54] production.ERROR: Class "App\Livewire\Evento\Provedor" not found {"userId":1,"exception":"[object] (Error(code: 0): Class \"App\\Livewire\\Evento\\Provedor\" not found at /home/vol1_1/infinityfree.com/if0_38241904/moraw.ct.ws/htdocs/app/Livewire/Evento/Dashboard.php:78)
[stacktrace]
#0 /home/vol1_1/infinityfree.com/if0_38241904/moraw.ct.ws/htdocs/vendor/laravel/framework/src/Illuminate/Container/BoundMethod.php(36): App\\Livewire\\Evento\\Dashboard->exportData()
#1 /home/vol1_1/infinityfree.com/if0_38241904/moraw.ct.ws/htdocs/vendor/laravel/framework/src/Illuminate/Container/Util.php(43): Illuminate\\Container\\BoundMethod::Illuminate\\Container\\{closure}()
#2 /home/vol1_1/infinityfree.com/if0_38241904/moraw.ct.ws/htdocs/vendor/laravel/framework/src/Illuminate/Container/BoundMethod.php(96): Illuminate\\Container\\Util::unwrapIfClosure(Object(Closure))
#3 /home/vol1_1/infinityfree.com/if0_38241904/moraw.ct.ws/htdocs/vendor/laravel/framework/src/Illuminate/Container/BoundMethod.php(35): Illuminate\\Container\\BoundMethod::callBoundMethod(Object(Illuminate\\Foundation\\Application), Array, Object(Closure))
#4 /home/vol1_1/infinityfree.com/if0_38241904/moraw.ct.ws/htdocs/vendor/livewire/livewire/src/Wrapped.php(23): Illuminate\\Container\\BoundMethod::call(Object(Illuminate\\Foundation\\Application), Array, Array)
#5 /home/vol1_1/infinityfree.com/if0_38241904/moraw.ct.ws/htdocs/vendor/livewire/livewire/src/Mechanisms/HandleComponents/HandleComponents.php(474): Livewire\\Wrapped->__call('exportData', Array)
#6 /home/vol1_1/infinityfree.com/if0_38241904/moraw.ct.ws/htdocs/vendor/livewire/livewire/src/Mechanisms/HandleComponents/HandleComponents.php(101): Livewire\\Mechanisms\\HandleComponents\\HandleComponents->callMethods(Object(App\\Livewire\\Evento\\Dashboard), Array, Object(Livewire\\Mechanisms\\HandleComponents\\ComponentContext))
#7 /home/vol1_1/infinityfree.com/if0_38241904/moraw.ct.ws/htdocs/vendor/livewire/livewire/src/LivewireManager.php(102): Livewire\\Mechanisms\\HandleComponents\\HandleComponents->update(Array, Array, Array)
#8 /home/vol1_1/infinityfree.com/if0_38241904/moraw.ct.ws/htdocs/vendor/livewire/livewire/src/Mechanisms/HandleRequests/HandleRequests.php(94): Livewire\\LivewireManager->update(Array, Array, Array)
#9 /home/vol1_1/infinityfree.com/if0_38241904/moraw.ct.ws/htdocs/vendor/laravel/framework/src/Illuminate/Routing/ControllerDispatcher.php(46): Livewire\\Mechanisms\\HandleRequests\\HandleRequests->handleUpdate()
#10 /home/vol1_1/infinityfree.com/if0_38241904/moraw.ct.ws/htdocs/vendor/laravel/framework/src/Illuminate/Routing/Route.php(265): Illuminate\\Routing\\ControllerDispatcher->dispatch(Object(Illuminate\\Routing\\Route), Object(Livewire\\Mechanisms\\HandleRequests\\HandleRequests), 'handleUpdate')
#11 /home/vol1_1/infinityfree.com/if0_38241904/moraw.ct.ws/htdocs/vendor/laravel/framework/src/Illuminate/Routing/Route.php(211): Illuminate\\Routing\\Route->runController()
#12 /home/vol1_1/infinityfree.com/if0_38241904/moraw.ct.ws/htdocs/vendor/laravel/framework/src/Illuminate/Routing/Router.php(808): Illuminate\\Routing\\Route->run()
#13 /home/vol1_1/infinityfree.com/if0_38241904/moraw.ct.ws/htdocs/vendor/laravel/framework/src/Illuminate/Pipeline/Pipeline.php(169): Illuminate\\Routing\\Router->Illuminate\\Routing\\{closure}(Object(Illuminate\\Http\\Request))
#14 /home/vol1_1/infinityfree.com/if0_38241904/moraw.ct.ws/htdocs/app/Http/Middleware/RedirectBasedOnRole.php(22): Illuminate\\Pipeline\\Pipeline->Illuminate\\Pipeline\\{closure}(Object(Illuminate\\Http\\Request))
#15 /home/vol1_1/infinityfree.com/if0_38241904/moraw.ct.ws/htdocs/vendor/laravel/framework/src/Illuminate/Pipeline/Pipeline.php(208): App\\Http\\Middleware\\RedirectBasedOnRole->handle(Object(Illuminate\\Http\\Request), Object(Closure))
#16 /home/vol1_1/infinityfree.com/if0_38241904/moraw.ct.ws/htdocs/vendor/laravel/framework/src/Illuminate/Routing/Middleware/SubstituteBindings.php(50): Illuminate\\Pipeline\\Pipeline->Illuminate\\Pipeline\\{closure}(Object(Illuminate\\Http\\Request))
#17 /home/vol1_1/infinityfree.com/if0_38241904/moraw.ct.ws/htdocs/vendor/laravel/framework/src/Illuminate/Pipeline/Pipeline.php(208): Illuminate\\Routing\\Middleware\\SubstituteBindings->handle(Object(Illuminate\\Http\\Request), Object(Closure))
#18 /home/vol1_1/infinityfree.com/if0_38241904/moraw.ct.ws/htdocs/vendor/laravel/framework/src/Illuminate/Foundation/Http/Middleware/VerifyCsrfToken.php(87): Illuminate\\Pipeline\\Pipeline->Illuminate\\Pipeline\\{closure}(Object(Illuminate\\Http\\Request))
#19 /home/vol1_1/infinityfree.com/if0_38241904/moraw.ct.ws/htdocs/vendor/laravel/framework/src/Illuminate/Pipeline/Pipeline.php(208): Illuminate\\Foundation\\Http\\Middleware\\VerifyCsrfToken->handle(Object(Illuminate\\Http\\Request), Object(Closure))
#20 /home/vol1_1/infinityfree.com/if0_38241904/moraw.ct.ws/htdocs/vendor/laravel/framework/src/Illuminate/View/Middleware/ShareErrorsFromSession.php(48): Illuminate\\Pipeline\\Pipeline->Illuminate\\Pipeline\\{closure}(Object(Illuminate\\Http\\Request))
#21 /home/vol1_1/infinityfree.com/if0_38241904/moraw.ct.ws/htdocs/vendor/laravel/framework/src/Illuminate/Pipeline/Pipeline.php(208): Illuminate\\View\\Middleware\\ShareErrorsFromSession->handle(Object(Illuminate\\Http\\Request), Object(Closure))
#22 /home/vol1_1/infinityfree.com/if0_38241904/moraw.ct.ws/htdocs/vendor/laravel/framework/src/Illuminate/Session/Middleware/StartSession.php(120): Illuminate\\Pipeline\\Pipeline->Illuminate\\Pipeline\\{closure}(Object(Illuminate\\Http\\Request))
#23 /home/vol1_1/infinityfree.com/if0_38241904/moraw.ct.ws/htdocs/vendor/laravel/framework/src/Illuminate/Session/Middleware/StartSession.php(63): Illuminate\\Session\\Middleware\\StartSession->handleStatefulRequest(Object(Illuminate\\Http\\Request), Object(Illuminate\\Session\\Store), Object(Closure))
#24 /home/vol1_1/infinityfree.com/if0_38241904/moraw.ct.ws/htdocs/vendor/laravel/framework/src/Illuminate/Pipeline/Pipeline.php(208): Illuminate\\Session\\Middleware\\StartSession->handle(Object(Illuminate\\Http\\Request), Object(Closure))
#25 /home/vol1_1/infinityfree.com/if0_38241904/moraw.ct.ws/htdocs/vendor/laravel/framework/src/Illuminate/Cookie/Middleware/AddQueuedCookiesToResponse.php(36): Illuminate\\Pipeline\\Pipeline->Illuminate\\Pipeline\\{closure}(Object(Illuminate\\Http\\Request))
#26 /home/vol1_1/infinityfree.com/if0_38241904/moraw.ct.ws/htdocs/vendor/laravel/framework/src/Illuminate/Pipeline/Pipeline.php(208): Illuminate\\Cookie\\Middleware\\AddQueuedCookiesToResponse->handle(Object(Illuminate\\Http\\Request), Object(Closure))
#27 /home/vol1_1/infinityfree.com/if0_38241904/moraw.ct.ws/htdocs/vendor/laravel/framework/src/Illuminate/Cookie/Middleware/EncryptCookies.php(74): Illuminate\\Pipeline\\Pipeline->Illuminate\\Pipeline\\{closure}(Object(Illuminate\\Http\\Request))
#28 /home/vol1_1/infinityfree.com/if0_38241904/moraw.ct.ws/htdocs/vendor/laravel/framework/src/Illuminate/Pipeline/Pipeline.php(208): Illuminate\\Cookie\\Middleware\\EncryptCookies->handle(Object(Illuminate\\Http\\Request), Object(Closure))
#29 /home/vol1_1/infinityfree.com/if0_38241904/moraw.ct.ws/htdocs/vendor/laravel/framework/src/Illuminate/Pipeline/Pipeline.php(126): Illuminate\\Pipeline\\Pipeline->Illuminate\\Pipeline\\{closure}(Object(Illuminate\\Http\\Request))
#30 /home/vol1_1/infinityfree.com/if0_38241904/moraw.ct.ws/htdocs/vendor/laravel/framework/src/Illuminate/Routing/Router.php(807): Illuminate\\Pipeline\\Pipeline->then(Object(Closure))
#31 /home/vol1_1/infinityfree.com/if0_38241904/moraw.ct.ws/htdocs/vendor/laravel/framework/src/Illuminate/Routing/Router.php(786): Illuminate\\Routing\\Router->runRouteWithinStack(Object(Illuminate\\Routing\\Route), Object(Illuminate\\Http\\Request))
#32 /home/vol1_1/infinityfree.com/if0_38241904/moraw.ct.ws/htdocs/vendor/laravel/framework/src/Illuminate/Routing/Router.php(750): Illuminate\\Routing\\Router->runRoute(Object(Illuminate\\Http\\Request), Object(Illuminate\\Routing\\Route))
#33 /home/vol1_1/infinityfree.com/if0_38241904/moraw.ct.ws/htdocs/vendor/laravel/framework/src/Illuminate/Routing/Router.php(739): Illuminate\\Routing\\Router->dispatchToRoute(Object(Illuminate\\Http\\Request))
#34 /home/vol1_1/infinityfree.com/if0_38241904/moraw.ct.ws/htdocs/vendor/laravel/framework/src/Illuminate/Foundation/Http/Kernel.php(200): Illuminate\\Routing\\Router->dispatch(Object(Illuminate\\Http\\Request))
#35 /home/vol1_1/infinityfree.com/if0_38241904/moraw.ct.ws/htdocs/vendor/laravel/framework/src/Illuminate/Pipeline/Pipeline.php(169): Illuminate\\Foundation\\Http\\Kernel->Illuminate\\Foundation\\Http\\{closure}(Object(Illuminate\\Http\\Request))
#36 /home/vol1_1/infinityfree.com/if0_38241904/moraw.ct.ws/htdocs/vendor/livewire/livewire/src/Features/SupportDisablingBackButtonCache/DisableBackButtonCacheMiddleware.php(19): Illuminate\\Pipeline\\Pipeline->Illuminate\\Pipeline\\{closure}(Object(Illuminate\\Http\\Request))
#37 /home/vol1_1/infinityfree.com/if0_38241904/moraw.ct.ws/htdocs/vendor/laravel/framework/src/Illuminate/Pipeline/Pipeline.php(208): Livewire\\Features\\SupportDisablingBackButtonCache\\DisableBackButtonCacheMiddleware->handle(Object(Illuminate\\Http\\Request), Object(Closure))
#38 /home/vol1_1/infinityfree.com/if0_38241904/moraw.ct.ws/htdocs/vendor/laravel/framework/src/Illuminate/Foundation/Http/Middleware/ConvertEmptyStringsToNull.php(27): Illuminate\\Pipeline\\Pipeline->Illuminate\\Pipeline\\{closure}(Object(Illuminate\\Http\\Request))
#39 /home/vol1_1/infinityfree.com/if0_38241904/moraw.ct.ws/htdocs/vendor/laravel/framework/src/Illuminate/Pipeline/Pipeline.php(208): Illuminate\\Foundation\\Http\\Middleware\\ConvertEmptyStringsToNull->handle(Object(Illuminate\\Http\\Request), Object(Closure))
#40 /home/vol1_1/infinityfree.com/if0_38241904/moraw.ct.ws/htdocs/vendor/laravel/framework/src/Illuminate/Foundation/Http/Middleware/TrimStrings.php(47): Illuminate\\Pipeline\\Pipeline->Illuminate\\Pipeline\\{closure}(Object(Illuminate\\Http\\Request))
#41 /home/vol1_1/infinityfree.com/if0_38241904/moraw.ct.ws/htdocs/vendor/laravel/framework/src/Illuminate/Pipeline/Pipeline.php(208): Illuminate\\Foundation\\Http\\Middleware\\TrimStrings->handle(Object(Illuminate\\Http\\Request), Object(Closure))
#42 /home/vol1_1/infinityfree.com/if0_38241904/moraw.ct.ws/htdocs/vendor/laravel/framework/src/Illuminate/Http/Middleware/ValidatePostSize.php(27): Illuminate\\Pipeline\\Pipeline->Illuminate\\Pipeline\\{closure}(Object(Illuminate\\Http\\Request))
#43 /home/vol1_1/infinityfree.com/if0_38241904/moraw.ct.ws/htdocs/vendor/laravel/framework/src/Illuminate/Pipeline/Pipeline.php(208): Illuminate\\Http\\Middleware\\ValidatePostSize->handle(Object(Illuminate\\Http\\Request), Object(Closure))
#44 /home/vol1_1/infinityfree.com/if0_38241904/moraw.ct.ws/htdocs/vendor/laravel/framework/src/Illuminate/Foundation/Http/Middleware/PreventRequestsDuringMaintenance.php(109): Illuminate\\Pipeline\\Pipeline->Illuminate\\Pipeline\\{closure}(Object(Illuminate\\Http\\Request))
#45 /home/vol1_1/infinityfree.com/if0_38241904/moraw.ct.ws/htdocs/vendor/laravel/framework/src/Illuminate/Pipeline/Pipeline.php(208): Illuminate\\Foundation\\Http\\Middleware\\PreventRequestsDuringMaintenance->handle(Object(Illuminate\\Http\\Request), Object(Closure))
#46 /home/vol1_1/infinityfree.com/if0_38241904/moraw.ct.ws/htdocs/vendor/laravel/framework/src/Illuminate/Http/Middleware/HandleCors.php(48): Illuminate\\Pipeline\\Pipeline->Illuminate\\Pipeline\\{closure}(Object(Illuminate\\Http\\Request))
#47 /home/vol1_1/infinityfree.com/if0_38241904/moraw.ct.ws/htdocs/vendor/laravel/framework/src/Illuminate/Pipeline/Pipeline.php(208): Illuminate\\Http\\Middleware\\HandleCors->handle(Object(Illuminate\\Http\\Request), Object(Closure))
#48 /home/vol1_1/infinityfree.com/if0_38241904/moraw.ct.ws/htdocs/vendor/laravel/framework/src/Illuminate/Http/Middleware/TrustProxies.php(58): Illuminate\\Pipeline\\Pipeline->Illuminate\\Pipeline\\{closure}(Object(Illuminate\\Http\\Request))
#49 /home/vol1_1/infinityfree.com/if0_38241904/moraw.ct.ws/htdocs/vendor/laravel/framework/src/Illuminate/Pipeline/Pipeline.php(208): Illuminate\\Http\\Middleware\\TrustProxies->handle(Object(Illuminate\\Http\\Request), Object(Closure))
#50 /home/vol1_1/infinityfree.com/if0_38241904/moraw.ct.ws/htdocs/vendor/laravel/framework/src/Illuminate/Foundation/Http/Middleware/InvokeDeferredCallbacks.php(22): Illuminate\\Pipeline\\Pipeline->Illuminate\\Pipeline\\{closure}(Object(Illuminate\\Http\\Request))
#51 /home/vol1_1/infinityfree.com/if0_38241904/moraw.ct.ws/htdocs/vendor/laravel/framework/src/Illuminate/Pipeline/Pipeline.php(208): Illuminate\\Foundation\\Http\\Middleware\\InvokeDeferredCallbacks->handle(Object(Illuminate\\Http\\Request), Object(Closure))
#52 /home/vol1_1/infinityfree.com/if0_38241904/moraw.ct.ws/htdocs/vendor/laravel/framework/src/Illuminate/Http/Middleware/ValidatePathEncoding.php(26): Illuminate\\Pipeline\\Pipeline->Illuminate\\Pipeline\\{closure}(Object(Illuminate\\Http\\Request))
#53 /home/vol1_1/infinityfree.com/if0_38241904/moraw.ct.ws/htdocs/vendor/laravel/framework/src/Illuminate/Pipeline/Pipeline.php(208): Illuminate\\Http\\Middleware\\ValidatePathEncoding->handle(Object(Illuminate\\Http\\Request), Object(Closure))
#54 /home/vol1_1/infinityfree.com/if0_38241904/moraw.ct.ws/htdocs/vendor/laravel/framework/src/Illuminate/Pipeline/Pipeline.php(126): Illuminate\\Pipeline\\Pipeline->Illuminate\\Pipeline\\{closure}(Object(Illuminate\\Http\\Request))
#55 /home/vol1_1/infinityfree.com/if0_38241904/moraw.ct.ws/htdocs/vendor/laravel/framework/src/Illuminate/Foundation/Http/Kernel.php(175): Illuminate\\Pipeline\\Pipeline->then(Object(Closure))
#56 /home/vol1_1/infinityfree.com/if0_38241904/moraw.ct.ws/htdocs/vendor/laravel/framework/src/Illuminate/Foundation/Http/Kernel.php(144): Illuminate\\Foundation\\Http\\Kernel->sendRequestThroughRouter(Object(Illuminate\\Http\\Request))
#57 /home/vol1_1/infinityfree.com/if0_38241904/moraw.ct.ws/htdocs/vendor/laravel/framework/src/Illuminate/Foundation/Application.php(1219): Illuminate\\Foundation\\Http\\Kernel->handle(Object(Illuminate\\Http\\Request))
#58 /home/vol1_1/infinityfree.com/if0_38241904/moraw.ct.ws/htdocs/public/index.php(20): Illuminate\\Foundation\\Application->handleRequest(Object(Illuminate\\Http\\Request))
#59 {main}
"} 
[2025-05-27 19:40:33] production.ERROR: Class "App\Livewire\Evento\File" not found {"userId":1,"exception":"[object] (Error(code: 0): Class \"App\\Livewire\\Evento\\File\" not found at /home/vol1_1/infinityfree.com/if0_38241904/moraw.ct.ws/htdocs/app/Livewire/Evento/Dashboard.php:143)
[stacktrace]
#0 /home/vol1_1/infinityfree.com/if0_38241904/moraw.ct.ws/htdocs/vendor/laravel/framework/src/Illuminate/Container/BoundMethod.php(36): App\\Livewire\\Evento\\Dashboard->exportData()
#1 /home/vol1_1/infinityfree.com/if0_38241904/moraw.ct.ws/htdocs/vendor/laravel/framework/src/Illuminate/Container/Util.php(43): Illuminate\\Container\\BoundMethod::Illuminate\\Container\\{closure}()
#2 /home/vol1_1/infinityfree.com/if0_38241904/moraw.ct.ws/htdocs/vendor/laravel/framework/src/Illuminate/Container/BoundMethod.php(96): Illuminate\\Container\\Util::unwrapIfClosure(Object(Closure))
#3 /home/vol1_1/infinityfree.com/if0_38241904/moraw.ct.ws/htdocs/vendor/laravel/framework/src/Illuminate/Container/BoundMethod.php(35): Illuminate\\Container\\BoundMethod::callBoundMethod(Object(Illuminate\\Foundation\\Application), Array, Object(Closure))
#4 /home/vol1_1/infinityfree.com/if0_38241904/moraw.ct.ws/htdocs/vendor/livewire/livewire/src/Wrapped.php(23): Illuminate\\Container\\BoundMethod::call(Object(Illuminate\\Foundation\\Application), Array, Array)
#5 /home/vol1_1/infinityfree.com/if0_38241904/moraw.ct.ws/htdocs/vendor/livewire/livewire/src/Mechanisms/HandleComponents/HandleComponents.php(474): Livewire\\Wrapped->__call('exportData', Array)
#6 /home/vol1_1/infinityfree.com/if0_38241904/moraw.ct.ws/htdocs/vendor/livewire/livewire/src/Mechanisms/HandleComponents/HandleComponents.php(101): Livewire\\Mechanisms\\HandleComponents\\HandleComponents->callMethods(Object(App\\Livewire\\Evento\\Dashboard), Array, Object(Livewire\\Mechanisms\\HandleComponents\\ComponentContext))
#7 /home/vol1_1/infinityfree.com/if0_38241904/moraw.ct.ws/htdocs/vendor/livewire/livewire/src/LivewireManager.php(102): Livewire\\Mechanisms\\HandleComponents\\HandleComponents->update(Array, Array, Array)
#8 /home/vol1_1/infinityfree.com/if0_38241904/moraw.ct.ws/htdocs/vendor/livewire/livewire/src/Mechanisms/HandleRequests/HandleRequests.php(94): Livewire\\LivewireManager->update(Array, Array, Array)
#9 /home/vol1_1/infinityfree.com/if0_38241904/moraw.ct.ws/htdocs/vendor/laravel/framework/src/Illuminate/Routing/ControllerDispatcher.php(46): Livewire\\Mechanisms\\HandleRequests\\HandleRequests->handleUpdate()
#10 /home/vol1_1/infinityfree.com/if0_38241904/moraw.ct.ws/htdocs/vendor/laravel/framework/src/Illuminate/Routing/Route.php(265): Illuminate\\Routing\\ControllerDispatcher->dispatch(Object(Illuminate\\Routing\\Route), Object(Livewire\\Mechanisms\\HandleRequests\\HandleRequests), 'handleUpdate')
#11 /home/vol1_1/infinityfree.com/if0_38241904/moraw.ct.ws/htdocs/vendor/laravel/framework/src/Illuminate/Routing/Route.php(211): Illuminate\\Routing\\Route->runController()
#12 /home/vol1_1/infinityfree.com/if0_38241904/moraw.ct.ws/htdocs/vendor/laravel/framework/src/Illuminate/Routing/Router.php(808): Illuminate\\Routing\\Route->run()
#13 /home/vol1_1/infinityfree.com/if0_38241904/moraw.ct.ws/htdocs/vendor/laravel/framework/src/Illuminate/Pipeline/Pipeline.php(169): Illuminate\\Routing\\Router->Illuminate\\Routing\\{closure}(Object(Illuminate\\Http\\Request))
#14 /home/vol1_1/infinityfree.com/if0_38241904/moraw.ct.ws/htdocs/app/Http/Middleware/RedirectBasedOnRole.php(22): Illuminate\\Pipeline\\Pipeline->Illuminate\\Pipeline\\{closure}(Object(Illuminate\\Http\\Request))
#15 /home/vol1_1/infinityfree.com/if0_38241904/moraw.ct.ws/htdocs/vendor/laravel/framework/src/Illuminate/Pipeline/Pipeline.php(208): App\\Http\\Middleware\\RedirectBasedOnRole->handle(Object(Illuminate\\Http\\Request), Object(Closure))
#16 /home/vol1_1/infinityfree.com/if0_38241904/moraw.ct.ws/htdocs/vendor/laravel/framework/src/Illuminate/Routing/Middleware/SubstituteBindings.php(50): Illuminate\\Pipeline\\Pipeline->Illuminate\\Pipeline\\{closure}(Object(Illuminate\\Http\\Request))
#17 /home/vol1_1/infinityfree.com/if0_38241904/moraw.ct.ws/htdocs/vendor/laravel/framework/src/Illuminate/Pipeline/Pipeline.php(208): Illuminate\\Routing\\Middleware\\SubstituteBindings->handle(Object(Illuminate\\Http\\Request), Object(Closure))
#18 /home/vol1_1/infinityfree.com/if0_38241904/moraw.ct.ws/htdocs/vendor/laravel/framework/src/Illuminate/Foundation/Http/Middleware/VerifyCsrfToken.php(87): Illuminate\\Pipeline\\Pipeline->Illuminate\\Pipeline\\{closure}(Object(Illuminate\\Http\\Request))
#19 /home/vol1_1/infinityfree.com/if0_38241904/moraw.ct.ws/htdocs/vendor/laravel/framework/src/Illuminate/Pipeline/Pipeline.php(208): Illuminate\\Foundation\\Http\\Middleware\\VerifyCsrfToken->handle(Object(Illuminate\\Http\\Request), Object(Closure))
#20 /home/vol1_1/infinityfree.com/if0_38241904/moraw.ct.ws/htdocs/vendor/laravel/framework/src/Illuminate/View/Middleware/ShareErrorsFromSession.php(48): Illuminate\\Pipeline\\Pipeline->Illuminate\\Pipeline\\{closure}(Object(Illuminate\\Http\\Request))
#21 /home/vol1_1/infinityfree.com/if0_38241904/moraw.ct.ws/htdocs/vendor/laravel/framework/src/Illuminate/Pipeline/Pipeline.php(208): Illuminate\\View\\Middleware\\ShareErrorsFromSession->handle(Object(Illuminate\\Http\\Request), Object(Closure))
#22 /home/vol1_1/infinityfree.com/if0_38241904/moraw.ct.ws/htdocs/vendor/laravel/framework/src/Illuminate/Session/Middleware/StartSession.php(120): Illuminate\\Pipeline\\Pipeline->Illuminate\\Pipeline\\{closure}(Object(Illuminate\\Http\\Request))
#23 /home/vol1_1/infinityfree.com/if0_38241904/moraw.ct.ws/htdocs/vendor/laravel/framework/src/Illuminate/Session/Middleware/StartSession.php(63): Illuminate\\Session\\Middleware\\StartSession->handleStatefulRequest(Object(Illuminate\\Http\\Request), Object(Illuminate\\Session\\Store), Object(Closure))
#24 /home/vol1_1/infinityfree.com/if0_38241904/moraw.ct.ws/htdocs/vendor/laravel/framework/src/Illuminate/Pipeline/Pipeline.php(208): Illuminate\\Session\\Middleware\\StartSession->handle(Object(Illuminate\\Http\\Request), Object(Closure))
#25 /home/vol1_1/infinityfree.com/if0_38241904/moraw.ct.ws/htdocs/vendor/laravel/framework/src/Illuminate/Cookie/Middleware/AddQueuedCookiesToResponse.php(36): Illuminate\\Pipeline\\Pipeline->Illuminate\\Pipeline\\{closure}(Object(Illuminate\\Http\\Request))
#26 /home/vol1_1/infinityfree.com/if0_38241904/moraw.ct.ws/htdocs/vendor/laravel/framework/src/Illuminate/Pipeline/Pipeline.php(208): Illuminate\\Cookie\\Middleware\\AddQueuedCookiesToResponse->handle(Object(Illuminate\\Http\\Request), Object(Closure))
#27 /home/vol1_1/infinityfree.com/if0_38241904/moraw.ct.ws/htdocs/vendor/laravel/framework/src/Illuminate/Cookie/Middleware/EncryptCookies.php(74): Illuminate\\Pipeline\\Pipeline->Illuminate\\Pipeline\\{closure}(Object(Illuminate\\Http\\Request))
#28 /home/vol1_1/infinityfree.com/if0_38241904/moraw.ct.ws/htdocs/vendor/laravel/framework/src/Illuminate/Pipeline/Pipeline.php(208): Illuminate\\Cookie\\Middleware\\EncryptCookies->handle(Object(Illuminate\\Http\\Request), Object(Closure))
#29 /home/vol1_1/infinityfree.com/if0_38241904/moraw.ct.ws/htdocs/vendor/laravel/framework/src/Illuminate/Pipeline/Pipeline.php(126): Illuminate\\Pipeline\\Pipeline->Illuminate\\Pipeline\\{closure}(Object(Illuminate\\Http\\Request))
#30 /home/vol1_1/infinityfree.com/if0_38241904/moraw.ct.ws/htdocs/vendor/laravel/framework/src/Illuminate/Routing/Router.php(807): Illuminate\\Pipeline\\Pipeline->then(Object(Closure))
#31 /home/vol1_1/infinityfree.com/if0_38241904/moraw.ct.ws/htdocs/vendor/laravel/framework/src/Illuminate/Routing/Router.php(786): Illuminate\\Routing\\Router->runRouteWithinStack(Object(Illuminate\\Routing\\Route), Object(Illuminate\\Http\\Request))
#32 /home/vol1_1/infinityfree.com/if0_38241904/moraw.ct.ws/htdocs/vendor/laravel/framework/src/Illuminate/Routing/Router.php(750): Illuminate\\Routing\\Router->runRoute(Object(Illuminate\\Http\\Request), Object(Illuminate\\Routing\\Route))
#33 /home/vol1_1/infinityfree.com/if0_38241904/moraw.ct.ws/htdocs/vendor/laravel/framework/src/Illuminate/Routing/Router.php(739): Illuminate\\Routing\\Router->dispatchToRoute(Object(Illuminate\\Http\\Request))
#34 /home/vol1_1/infinityfree.com/if0_38241904/moraw.ct.ws/htdocs/vendor/laravel/framework/src/Illuminate/Foundation/Http/Kernel.php(200): Illuminate\\Routing\\Router->dispatch(Object(Illuminate\\Http\\Request))
#35 /home/vol1_1/infinityfree.com/if0_38241904/moraw.ct.ws/htdocs/vendor/laravel/framework/src/Illuminate/Pipeline/Pipeline.php(169): Illuminate\\Foundation\\Http\\Kernel->Illuminate\\Foundation\\Http\\{closure}(Object(Illuminate\\Http\\Request))
#36 /home/vol1_1/infinityfree.com/if0_38241904/moraw.ct.ws/htdocs/vendor/livewire/livewire/src/Features/SupportDisablingBackButtonCache/DisableBackButtonCacheMiddleware.php(19): Illuminate\\Pipeline\\Pipeline->Illuminate\\Pipeline\\{closure}(Object(Illuminate\\Http\\Request))
#37 /home/vol1_1/infinityfree.com/if0_38241904/moraw.ct.ws/htdocs/vendor/laravel/framework/src/Illuminate/Pipeline/Pipeline.php(208): Livewire\\Features\\SupportDisablingBackButtonCache\\DisableBackButtonCacheMiddleware->handle(Object(Illuminate\\Http\\Request), Object(Closure))
#38 /home/vol1_1/infinityfree.com/if0_38241904/moraw.ct.ws/htdocs/vendor/laravel/framework/src/Illuminate/Foundation/Http/Middleware/ConvertEmptyStringsToNull.php(27): Illuminate\\Pipeline\\Pipeline->Illuminate\\Pipeline\\{closure}(Object(Illuminate\\Http\\Request))
#39 /home/vol1_1/infinityfree.com/if0_38241904/moraw.ct.ws/htdocs/vendor/laravel/framework/src/Illuminate/Pipeline/Pipeline.php(208): Illuminate\\Foundation\\Http\\Middleware\\ConvertEmptyStringsToNull->handle(Object(Illuminate\\Http\\Request), Object(Closure))
#40 /home/vol1_1/infinityfree.com/if0_38241904/moraw.ct.ws/htdocs/vendor/laravel/framework/src/Illuminate/Foundation/Http/Middleware/TrimStrings.php(47): Illuminate\\Pipeline\\Pipeline->Illuminate\\Pipeline\\{closure}(Object(Illuminate\\Http\\Request))
#41 /home/vol1_1/infinityfree.com/if0_38241904/moraw.ct.ws/htdocs/vendor/laravel/framework/src/Illuminate/Pipeline/Pipeline.php(208): Illuminate\\Foundation\\Http\\Middleware\\TrimStrings->handle(Object(Illuminate\\Http\\Request), Object(Closure))
#42 /home/vol1_1/infinityfree.com/if0_38241904/moraw.ct.ws/htdocs/vendor/laravel/framework/src/Illuminate/Http/Middleware/ValidatePostSize.php(27): Illuminate\\Pipeline\\Pipeline->Illuminate\\Pipeline\\{closure}(Object(Illuminate\\Http\\Request))
#43 /home/vol1_1/infinityfree.com/if0_38241904/moraw.ct.ws/htdocs/vendor/laravel/framework/src/Illuminate/Pipeline/Pipeline.php(208): Illuminate\\Http\\Middleware\\ValidatePostSize->handle(Object(Illuminate\\Http\\Request), Object(Closure))
#44 /home/vol1_1/infinityfree.com/if0_38241904/moraw.ct.ws/htdocs/vendor/laravel/framework/src/Illuminate/Foundation/Http/Middleware/PreventRequestsDuringMaintenance.php(109): Illuminate\\Pipeline\\Pipeline->Illuminate\\Pipeline\\{closure}(Object(Illuminate\\Http\\Request))
#45 /home/vol1_1/infinityfree.com/if0_38241904/moraw.ct.ws/htdocs/vendor/laravel/framework/src/Illuminate/Pipeline/Pipeline.php(208): Illuminate\\Foundation\\Http\\Middleware\\PreventRequestsDuringMaintenance->handle(Object(Illuminate\\Http\\Request), Object(Closure))
#46 /home/vol1_1/infinityfree.com/if0_38241904/moraw.ct.ws/htdocs/vendor/laravel/framework/src/Illuminate/Http/Middleware/HandleCors.php(48): Illuminate\\Pipeline\\Pipeline->Illuminate\\Pipeline\\{closure}(Object(Illuminate\\Http\\Request))
#47 /home/vol1_1/infinityfree.com/if0_38241904/moraw.ct.ws/htdocs/vendor/laravel/framework/src/Illuminate/Pipeline/Pipeline.php(208): Illuminate\\Http\\Middleware\\HandleCors->handle(Object(Illuminate\\Http\\Request), Object(Closure))
#48 /home/vol1_1/infinityfree.com/if0_38241904/moraw.ct.ws/htdocs/vendor/laravel/framework/src/Illuminate/Http/Middleware/TrustProxies.php(58): Illuminate\\Pipeline\\Pipeline->Illuminate\\Pipeline\\{closure}(Object(Illuminate\\Http\\Request))
#49 /home/vol1_1/infinityfree.com/if0_38241904/moraw.ct.ws/htdocs/vendor/laravel/framework/src/Illuminate/Pipeline/Pipeline.php(208): Illuminate\\Http\\Middleware\\TrustProxies->handle(Object(Illuminate\\Http\\Request), Object(Closure))
#50 /home/vol1_1/infinityfree.com/if0_38241904/moraw.ct.ws/htdocs/vendor/laravel/framework/src/Illuminate/Foundation/Http/Middleware/InvokeDeferredCallbacks.php(22): Illuminate\\Pipeline\\Pipeline->Illuminate\\Pipeline\\{closure}(Object(Illuminate\\Http\\Request))
#51 /home/vol1_1/infinityfree.com/if0_38241904/moraw.ct.ws/htdocs/vendor/laravel/framework/src/Illuminate/Pipeline/Pipeline.php(208): Illuminate\\Foundation\\Http\\Middleware\\InvokeDeferredCallbacks->handle(Object(Illuminate\\Http\\Request), Object(Closure))
#52 /home/vol1_1/infinityfree.com/if0_38241904/moraw.ct.ws/htdocs/vendor/laravel/framework/src/Illuminate/Http/Middleware/ValidatePathEncoding.php(26): Illuminate\\Pipeline\\Pipeline->Illuminate\\Pipeline\\{closure}(Object(Illuminate\\Http\\Request))
#53 /home/vol1_1/infinityfree.com/if0_38241904/moraw.ct.ws/htdocs/vendor/laravel/framework/src/Illuminate/Pipeline/Pipeline.php(208): Illuminate\\Http\\Middleware\\ValidatePathEncoding->handle(Object(Illuminate\\Http\\Request), Object(Closure))
#54 /home/vol1_1/infinityfree.com/if0_38241904/moraw.ct.ws/htdocs/vendor/laravel/framework/src/Illuminate/Pipeline/Pipeline.php(126): Illuminate\\Pipeline\\Pipeline->Illuminate\\Pipeline\\{closure}(Object(Illuminate\\Http\\Request))
#55 /home/vol1_1/infinityfree.com/if0_38241904/moraw.ct.ws/htdocs/vendor/laravel/framework/src/Illuminate/Foundation/Http/Kernel.php(175): Illuminate\\Pipeline\\Pipeline->then(Object(Closure))
#56 /home/vol1_1/infinityfree.com/if0_38241904/moraw.ct.ws/htdocs/vendor/laravel/framework/src/Illuminate/Foundation/Http/Kernel.php(144): Illuminate\\Foundation\\Http\\Kernel->sendRequestThroughRouter(Object(Illuminate\\Http\\Request))
#57 /home/vol1_1/infinityfree.com/if0_38241904/moraw.ct.ws/htdocs/vendor/laravel/framework/src/Illuminate/Foundation/Application.php(1219): Illuminate\\Foundation\\Http\\Kernel->handle(Object(Illuminate\\Http\\Request))
#58 /home/vol1_1/infinityfree.com/if0_38241904/moraw.ct.ws/htdocs/public/index.php(20): Illuminate\\Foundation\\Application->handleRequest(Object(Illuminate\\Http\\Request))
#59 {main}
"} 
[2025-05-27 19:47:00] production.ERROR: SQLSTATE[42S22]: Column not found: 1054 Unknown column 'data' in 'field list' (Connection: mysql, SQL: select DATE_FORMAT(data, "%Y-%m") as mes, COUNT(*) as total_formaturas from `formaturas` group by `mes` order by `mes` asc) {"userId":1,"exception":"[object] (Illuminate\\Database\\QueryException(code: 42S22): SQLSTATE[42S22]: Column not found: 1054 Unknown column 'data' in 'field list' (Connection: mysql, SQL: select DATE_FORMAT(data, \"%Y-%m\") as mes, COUNT(*) as total_formaturas from `formaturas` group by `mes` order by `mes` asc) at /home/vol1_1/infinityfree.com/if0_38241904/moraw.ct.ws/htdocs/vendor/laravel/framework/src/Illuminate/Database/Connection.php:822)
[stacktrace]
#0 /home/vol1_1/infinityfree.com/if0_38241904/moraw.ct.ws/htdocs/vendor/laravel/framework/src/Illuminate/Database/Connection.php(776): Illuminate\\Database\\Connection->runQueryCallback('select DATE_FOR...', Array, Object(Closure))
#1 /home/vol1_1/infinityfree.com/if0_38241904/moraw.ct.ws/htdocs/vendor/laravel/framework/src/Illuminate/Database/Connection.php(395): Illuminate\\Database\\Connection->run('select DATE_FOR...', Array, Object(Closure))
#2 /home/vol1_1/infinityfree.com/if0_38241904/moraw.ct.ws/htdocs/vendor/laravel/framework/src/Illuminate/Database/Query/Builder.php(3117): Illuminate\\Database\\Connection->select('select DATE_FOR...', Array, true)
#3 /home/vol1_1/infinityfree.com/if0_38241904/moraw.ct.ws/htdocs/vendor/laravel/framework/src/Illuminate/Database/Query/Builder.php(3102): Illuminate\\Database\\Query\\Builder->runSelect()
#4 /home/vol1_1/infinityfree.com/if0_38241904/moraw.ct.ws/htdocs/vendor/laravel/framework/src/Illuminate/Database/Query/Builder.php(3689): Illuminate\\Database\\Query\\Builder->Illuminate\\Database\\Query\\{closure}()
#5 /home/vol1_1/infinityfree.com/if0_38241904/moraw.ct.ws/htdocs/vendor/laravel/framework/src/Illuminate/Database/Query/Builder.php(3101): Illuminate\\Database\\Query\\Builder->onceWithColumns(Array, Object(Closure))
#6 /home/vol1_1/infinityfree.com/if0_38241904/moraw.ct.ws/htdocs/vendor/laravel/framework/src/Illuminate/Database/Eloquent/Builder.php(871): Illuminate\\Database\\Query\\Builder->get(Array)
#7 /home/vol1_1/infinityfree.com/if0_38241904/moraw.ct.ws/htdocs/vendor/laravel/framework/src/Illuminate/Database/Eloquent/Builder.php(853): Illuminate\\Database\\Eloquent\\Builder->getModels(Array)
#8 /home/vol1_1/infinityfree.com/if0_38241904/moraw.ct.ws/htdocs/app/Livewire/Unp/Dashboard.php(87): Illuminate\\Database\\Eloquent\\Builder->get()
#9 /home/vol1_1/infinityfree.com/if0_38241904/moraw.ct.ws/htdocs/vendor/laravel/framework/src/Illuminate/Container/BoundMethod.php(36): App\\Livewire\\Unp\\Dashboard->mount()
#10 /home/vol1_1/infinityfree.com/if0_38241904/moraw.ct.ws/htdocs/vendor/laravel/framework/src/Illuminate/Container/Util.php(43): Illuminate\\Container\\BoundMethod::Illuminate\\Container\\{closure}()
#11 /home/vol1_1/infinityfree.com/if0_38241904/moraw.ct.ws/htdocs/vendor/laravel/framework/src/Illuminate/Container/BoundMethod.php(96): Illuminate\\Container\\Util::unwrapIfClosure(Object(Closure))
#12 /home/vol1_1/infinityfree.com/if0_38241904/moraw.ct.ws/htdocs/vendor/laravel/framework/src/Illuminate/Container/BoundMethod.php(35): Illuminate\\Container\\BoundMethod::callBoundMethod(Object(Illuminate\\Foundation\\Application), Array, Object(Closure))
#13 /home/vol1_1/infinityfree.com/if0_38241904/moraw.ct.ws/htdocs/vendor/livewire/livewire/src/Wrapped.php(23): Illuminate\\Container\\BoundMethod::call(Object(Illuminate\\Foundation\\Application), Array, Array)
#14 /home/vol1_1/infinityfree.com/if0_38241904/moraw.ct.ws/htdocs/vendor/livewire/livewire/src/Features/SupportLifecycleHooks/SupportLifecycleHooks.php(134): Livewire\\Wrapped->__call('mount', Array)
#15 /home/vol1_1/infinityfree.com/if0_38241904/moraw.ct.ws/htdocs/vendor/livewire/livewire/src/Features/SupportLifecycleHooks/SupportLifecycleHooks.php(20): Livewire\\Features\\SupportLifecycleHooks\\SupportLifecycleHooks->callHook('mount', Array)
#16 /home/vol1_1/infinityfree.com/if0_38241904/moraw.ct.ws/htdocs/vendor/livewire/livewire/src/ComponentHook.php(19): Livewire\\Features\\SupportLifecycleHooks\\SupportLifecycleHooks->mount(Array, false)
#17 /home/vol1_1/infinityfree.com/if0_38241904/moraw.ct.ws/htdocs/vendor/livewire/livewire/src/ComponentHookRegistry.php(45): Livewire\\ComponentHook->callMount(Array, false)
#18 /home/vol1_1/infinityfree.com/if0_38241904/moraw.ct.ws/htdocs/vendor/livewire/livewire/src/EventBus.php(60): Livewire\\ComponentHookRegistry::Livewire\\{closure}(Object(App\\Livewire\\Unp\\Dashboard), Array, NULL, false)
#19 /home/vol1_1/infinityfree.com/if0_38241904/moraw.ct.ws/htdocs/vendor/livewire/livewire/src/helpers.php(98): Livewire\\EventBus->trigger('mount', Object(App\\Livewire\\Unp\\Dashboard), Array, NULL, false)
#20 /home/vol1_1/infinityfree.com/if0_38241904/moraw.ct.ws/htdocs/vendor/livewire/livewire/src/Mechanisms/HandleComponents/HandleComponents.php(50): Livewire\\trigger('mount', Object(App\\Livewire\\Unp\\Dashboard), Array, NULL, false)
#21 /home/vol1_1/infinityfree.com/if0_38241904/moraw.ct.ws/htdocs/vendor/livewire/livewire/src/LivewireManager.php(73): Livewire\\Mechanisms\\HandleComponents\\HandleComponents->mount('App\\\\Livewire\\\\Un...', Array, NULL)
#22 /home/vol1_1/infinityfree.com/if0_38241904/moraw.ct.ws/htdocs/vendor/livewire/livewire/src/Features/SupportPageComponents/HandlesPageComponents.php(17): Livewire\\LivewireManager->mount('App\\\\Livewire\\\\Un...', Array)
#23 /home/vol1_1/infinityfree.com/if0_38241904/moraw.ct.ws/htdocs/vendor/livewire/livewire/src/Features/SupportPageComponents/SupportPageComponents.php(117): Livewire\\Component->Livewire\\Features\\SupportPageComponents\\{closure}()
#24 /home/vol1_1/infinityfree.com/if0_38241904/moraw.ct.ws/htdocs/vendor/livewire/livewire/src/Features/SupportPageComponents/HandlesPageComponents.php(14): Livewire\\Features\\SupportPageComponents\\SupportPageComponents::interceptTheRenderOfTheComponentAndRetreiveTheLayoutConfiguration(Object(Closure))
#25 /home/vol1_1/infinityfree.com/if0_38241904/moraw.ct.ws/htdocs/vendor/laravel/framework/src/Illuminate/Routing/ControllerDispatcher.php(46): Livewire\\Component->__invoke()
#26 /home/vol1_1/infinityfree.com/if0_38241904/moraw.ct.ws/htdocs/vendor/laravel/framework/src/Illuminate/Routing/Route.php(265): Illuminate\\Routing\\ControllerDispatcher->dispatch(Object(Illuminate\\Routing\\Route), Object(App\\Livewire\\Unp\\Dashboard), '__invoke')
#27 /home/vol1_1/infinityfree.com/if0_38241904/moraw.ct.ws/htdocs/vendor/laravel/framework/src/Illuminate/Routing/Route.php(211): Illuminate\\Routing\\Route->runController()
#28 /home/vol1_1/infinityfree.com/if0_38241904/moraw.ct.ws/htdocs/vendor/laravel/framework/src/Illuminate/Routing/Router.php(808): Illuminate\\Routing\\Route->run()
#29 /home/vol1_1/infinityfree.com/if0_38241904/moraw.ct.ws/htdocs/vendor/laravel/framework/src/Illuminate/Pipeline/Pipeline.php(169): Illuminate\\Routing\\Router->Illuminate\\Routing\\{closure}(Object(Illuminate\\Http\\Request))
#30 /home/vol1_1/infinityfree.com/if0_38241904/moraw.ct.ws/htdocs/vendor/spatie/laravel-permission/src/Middleware/PermissionMiddleware.php(37): Illuminate\\Pipeline\\Pipeline->Illuminate\\Pipeline\\{closure}(Object(Illuminate\\Http\\Request))
#31 /home/vol1_1/infinityfree.com/if0_38241904/moraw.ct.ws/htdocs/vendor/laravel/framework/src/Illuminate/Pipeline/Pipeline.php(208): Spatie\\Permission\\Middleware\\PermissionMiddleware->handle(Object(Illuminate\\Http\\Request), Object(Closure), 'view unp dashbo...')
#32 /home/vol1_1/infinityfree.com/if0_38241904/moraw.ct.ws/htdocs/vendor/laravel/framework/src/Illuminate/Auth/Middleware/EnsureEmailIsVerified.php(41): Illuminate\\Pipeline\\Pipeline->Illuminate\\Pipeline\\{closure}(Object(Illuminate\\Http\\Request))
#33 /home/vol1_1/infinityfree.com/if0_38241904/moraw.ct.ws/htdocs/vendor/laravel/framework/src/Illuminate/Pipeline/Pipeline.php(208): Illuminate\\Auth\\Middleware\\EnsureEmailIsVerified->handle(Object(Illuminate\\Http\\Request), Object(Closure))
#34 /home/vol1_1/infinityfree.com/if0_38241904/moraw.ct.ws/htdocs/app/Http/Middleware/RedirectBasedOnRole.php(22): Illuminate\\Pipeline\\Pipeline->Illuminate\\Pipeline\\{closure}(Object(Illuminate\\Http\\Request))
#35 /home/vol1_1/infinityfree.com/if0_38241904/moraw.ct.ws/htdocs/vendor/laravel/framework/src/Illuminate/Pipeline/Pipeline.php(208): App\\Http\\Middleware\\RedirectBasedOnRole->handle(Object(Illuminate\\Http\\Request), Object(Closure))
#36 /home/vol1_1/infinityfree.com/if0_38241904/moraw.ct.ws/htdocs/vendor/laravel/framework/src/Illuminate/Routing/Middleware/SubstituteBindings.php(50): Illuminate\\Pipeline\\Pipeline->Illuminate\\Pipeline\\{closure}(Object(Illuminate\\Http\\Request))
#37 /home/vol1_1/infinityfree.com/if0_38241904/moraw.ct.ws/htdocs/vendor/laravel/framework/src/Illuminate/Pipeline/Pipeline.php(208): Illuminate\\Routing\\Middleware\\SubstituteBindings->handle(Object(Illuminate\\Http\\Request), Object(Closure))
#38 /home/vol1_1/infinityfree.com/if0_38241904/moraw.ct.ws/htdocs/vendor/laravel/framework/src/Illuminate/Session/Middleware/AuthenticateSession.php(66): Illuminate\\Pipeline\\Pipeline->Illuminate\\Pipeline\\{closure}(Object(Illuminate\\Http\\Request))
#39 /home/vol1_1/infinityfree.com/if0_38241904/moraw.ct.ws/htdocs/vendor/laravel/framework/src/Illuminate/Pipeline/Pipeline.php(208): Illuminate\\Session\\Middleware\\AuthenticateSession->handle(Object(Illuminate\\Http\\Request), Object(Closure))
#40 /home/vol1_1/infinityfree.com/if0_38241904/moraw.ct.ws/htdocs/vendor/laravel/framework/src/Illuminate/Auth/Middleware/Authenticate.php(63): Illuminate\\Pipeline\\Pipeline->Illuminate\\Pipeline\\{closure}(Object(Illuminate\\Http\\Request))
#41 /home/vol1_1/infinityfree.com/if0_38241904/moraw.ct.ws/htdocs/vendor/laravel/framework/src/Illuminate/Pipeline/Pipeline.php(208): Illuminate\\Auth\\Middleware\\Authenticate->handle(Object(Illuminate\\Http\\Request), Object(Closure), 'sanctum')
#42 /home/vol1_1/infinityfree.com/if0_38241904/moraw.ct.ws/htdocs/vendor/laravel/framework/src/Illuminate/Foundation/Http/Middleware/VerifyCsrfToken.php(87): Illuminate\\Pipeline\\Pipeline->Illuminate\\Pipeline\\{closure}(Object(Illuminate\\Http\\Request))
#43 /home/vol1_1/infinityfree.com/if0_38241904/moraw.ct.ws/htdocs/vendor/laravel/framework/src/Illuminate/Pipeline/Pipeline.php(208): Illuminate\\Foundation\\Http\\Middleware\\VerifyCsrfToken->handle(Object(Illuminate\\Http\\Request), Object(Closure))
#44 /home/vol1_1/infinityfree.com/if0_38241904/moraw.ct.ws/htdocs/vendor/laravel/framework/src/Illuminate/View/Middleware/ShareErrorsFromSession.php(48): Illuminate\\Pipeline\\Pipeline->Illuminate\\Pipeline\\{closure}(Object(Illuminate\\Http\\Request))
#45 /home/vol1_1/infinityfree.com/if0_38241904/moraw.ct.ws/htdocs/vendor/laravel/framework/src/Illuminate/Pipeline/Pipeline.php(208): Illuminate\\View\\Middleware\\ShareErrorsFromSession->handle(Object(Illuminate\\Http\\Request), Object(Closure))
#46 /home/vol1_1/infinityfree.com/if0_38241904/moraw.ct.ws/htdocs/vendor/laravel/framework/src/Illuminate/Session/Middleware/StartSession.php(120): Illuminate\\Pipeline\\Pipeline->Illuminate\\Pipeline\\{closure}(Object(Illuminate\\Http\\Request))
#47 /home/vol1_1/infinityfree.com/if0_38241904/moraw.ct.ws/htdocs/vendor/laravel/framework/src/Illuminate/Session/Middleware/StartSession.php(63): Illuminate\\Session\\Middleware\\StartSession->handleStatefulRequest(Object(Illuminate\\Http\\Request), Object(Illuminate\\Session\\Store), Object(Closure))
#48 /home/vol1_1/infinityfree.com/if0_38241904/moraw.ct.ws/htdocs/vendor/laravel/framework/src/Illuminate/Pipeline/Pipeline.php(208): Illuminate\\Session\\Middleware\\StartSession->handle(Object(Illuminate\\Http\\Request), Object(Closure))
#49 /home/vol1_1/infinityfree.com/if0_38241904/moraw.ct.ws/htdocs/vendor/laravel/framework/src/Illuminate/Cookie/Middleware/AddQueuedCookiesToResponse.php(36): Illuminate\\Pipeline\\Pipeline->Illuminate\\Pipeline\\{closure}(Object(Illuminate\\Http\\Request))
#50 /home/vol1_1/infinityfree.com/if0_38241904/moraw.ct.ws/htdocs/vendor/laravel/framework/src/Illuminate/Pipeline/Pipeline.php(208): Illuminate\\Cookie\\Middleware\\AddQueuedCookiesToResponse->handle(Object(Illuminate\\Http\\Request), Object(Closure))
#51 /home/vol1_1/infinityfree.com/if0_38241904/moraw.ct.ws/htdocs/vendor/laravel/framework/src/Illuminate/Cookie/Middleware/EncryptCookies.php(74): Illuminate\\Pipeline\\Pipeline->Illuminate\\Pipeline\\{closure}(Object(Illuminate\\Http\\Request))
#52 /home/vol1_1/infinityfree.com/if0_38241904/moraw.ct.ws/htdocs/vendor/laravel/framework/src/Illuminate/Pipeline/Pipeline.php(208): Illuminate\\Cookie\\Middleware\\EncryptCookies->handle(Object(Illuminate\\Http\\Request), Object(Closure))
#53 /home/vol1_1/infinityfree.com/if0_38241904/moraw.ct.ws/htdocs/vendor/laravel/framework/src/Illuminate/Pipeline/Pipeline.php(126): Illuminate\\Pipeline\\Pipeline->Illuminate\\Pipeline\\{closure}(Object(Illuminate\\Http\\Request))
#54 /home/vol1_1/infinityfree.com/if0_38241904/moraw.ct.ws/htdocs/vendor/laravel/framework/src/Illuminate/Routing/Router.php(807): Illuminate\\Pipeline\\Pipeline->then(Object(Closure))
#55 /home/vol1_1/infinityfree.com/if0_38241904/moraw.ct.ws/htdocs/vendor/laravel/framework/src/Illuminate/Routing/Router.php(786): Illuminate\\Routing\\Router->runRouteWithinStack(Object(Illuminate\\Routing\\Route), Object(Illuminate\\Http\\Request))
#56 /home/vol1_1/infinityfree.com/if0_38241904/moraw.ct.ws/htdocs/vendor/laravel/framework/src/Illuminate/Routing/Router.php(750): Illuminate\\Routing\\Router->runRoute(Object(Illuminate\\Http\\Request), Object(Illuminate\\Routing\\Route))
#57 /home/vol1_1/infinityfree.com/if0_38241904/moraw.ct.ws/htdocs/vendor/laravel/framework/src/Illuminate/Routing/Router.php(739): Illuminate\\Routing\\Router->dispatchToRoute(Object(Illuminate\\Http\\Request))
#58 /home/vol1_1/infinityfree.com/if0_38241904/moraw.ct.ws/htdocs/vendor/laravel/framework/src/Illuminate/Foundation/Http/Kernel.php(200): Illuminate\\Routing\\Router->dispatch(Object(Illuminate\\Http\\Request))
#59 /home/vol1_1/infinityfree.com/if0_38241904/moraw.ct.ws/htdocs/vendor/laravel/framework/src/Illuminate/Pipeline/Pipeline.php(169): Illuminate\\Foundation\\Http\\Kernel->Illuminate\\Foundation\\Http\\{closure}(Object(Illuminate\\Http\\Request))
#60 /home/vol1_1/infinityfree.com/if0_38241904/moraw.ct.ws/htdocs/vendor/livewire/livewire/src/Features/SupportDisablingBackButtonCache/DisableBackButtonCacheMiddleware.php(19): Illuminate\\Pipeline\\Pipeline->Illuminate\\Pipeline\\{closure}(Object(Illuminate\\Http\\Request))
#61 /home/vol1_1/infinityfree.com/if0_38241904/moraw.ct.ws/htdocs/vendor/laravel/framework/src/Illuminate/Pipeline/Pipeline.php(208): Livewire\\Features\\SupportDisablingBackButtonCache\\DisableBackButtonCacheMiddleware->handle(Object(Illuminate\\Http\\Request), Object(Closure))
#62 /home/vol1_1/infinityfree.com/if0_38241904/moraw.ct.ws/htdocs/vendor/laravel/framework/src/Illuminate/Foundation/Http/Middleware/TransformsRequest.php(21): Illuminate\\Pipeline\\Pipeline->Illuminate\\Pipeline\\{closure}(Object(Illuminate\\Http\\Request))
#63 /home/vol1_1/infinityfree.com/if0_38241904/moraw.ct.ws/htdocs/vendor/laravel/framework/src/Illuminate/Foundation/Http/Middleware/ConvertEmptyStringsToNull.php(31): Illuminate\\Foundation\\Http\\Middleware\\TransformsRequest->handle(Object(Illuminate\\Http\\Request), Object(Closure))
#64 /home/vol1_1/infinityfree.com/if0_38241904/moraw.ct.ws/htdocs/vendor/laravel/framework/src/Illuminate/Pipeline/Pipeline.php(208): Illuminate\\Foundation\\Http\\Middleware\\ConvertEmptyStringsToNull->handle(Object(Illuminate\\Http\\Request), Object(Closure))
#65 /home/vol1_1/infinityfree.com/if0_38241904/moraw.ct.ws/htdocs/vendor/laravel/framework/src/Illuminate/Foundation/Http/Middleware/TransformsRequest.php(21): Illuminate\\Pipeline\\Pipeline->Illuminate\\Pipeline\\{closure}(Object(Illuminate\\Http\\Request))
#66 /home/vol1_1/infinityfree.com/if0_38241904/moraw.ct.ws/htdocs/vendor/laravel/framework/src/Illuminate/Foundation/Http/Middleware/TrimStrings.php(51): Illuminate\\Foundation\\Http\\Middleware\\TransformsRequest->handle(Object(Illuminate\\Http\\Request), Object(Closure))
#67 /home/vol1_1/infinityfree.com/if0_38241904/moraw.ct.ws/htdocs/vendor/laravel/framework/src/Illuminate/Pipeline/Pipeline.php(208): Illuminate\\Foundation\\Http\\Middleware\\TrimStrings->handle(Object(Illuminate\\Http\\Request), Object(Closure))
#68 /home/vol1_1/infinityfree.com/if0_38241904/moraw.ct.ws/htdocs/vendor/laravel/framework/src/Illuminate/Http/Middleware/ValidatePostSize.php(27): Illuminate\\Pipeline\\Pipeline->Illuminate\\Pipeline\\{closure}(Object(Illuminate\\Http\\Request))
#69 /home/vol1_1/infinityfree.com/if0_38241904/moraw.ct.ws/htdocs/vendor/laravel/framework/src/Illuminate/Pipeline/Pipeline.php(208): Illuminate\\Http\\Middleware\\ValidatePostSize->handle(Object(Illuminate\\Http\\Request), Object(Closure))
#70 /home/vol1_1/infinityfree.com/if0_38241904/moraw.ct.ws/htdocs/vendor/laravel/framework/src/Illuminate/Foundation/Http/Middleware/PreventRequestsDuringMaintenance.php(109): Illuminate\\Pipeline\\Pipeline->Illuminate\\Pipeline\\{closure}(Object(Illuminate\\Http\\Request))
#71 /home/vol1_1/infinityfree.com/if0_38241904/moraw.ct.ws/htdocs/vendor/laravel/framework/src/Illuminate/Pipeline/Pipeline.php(208): Illuminate\\Foundation\\Http\\Middleware\\PreventRequestsDuringMaintenance->handle(Object(Illuminate\\Http\\Request), Object(Closure))
#72 /home/vol1_1/infinityfree.com/if0_38241904/moraw.ct.ws/htdocs/vendor/laravel/framework/src/Illuminate/Http/Middleware/HandleCors.php(48): Illuminate\\Pipeline\\Pipeline->Illuminate\\Pipeline\\{closure}(Object(Illuminate\\Http\\Request))
#73 /home/vol1_1/infinityfree.com/if0_38241904/moraw.ct.ws/htdocs/vendor/laravel/framework/src/Illuminate/Pipeline/Pipeline.php(208): Illuminate\\Http\\Middleware\\HandleCors->handle(Object(Illuminate\\Http\\Request), Object(Closure))
#74 /home/vol1_1/infinityfree.com/if0_38241904/moraw.ct.ws/htdocs/vendor/laravel/framework/src/Illuminate/Http/Middleware/TrustProxies.php(58): Illuminate\\Pipeline\\Pipeline->Illuminate\\Pipeline\\{closure}(Object(Illuminate\\Http\\Request))
#75 /home/vol1_1/infinityfree.com/if0_38241904/moraw.ct.ws/htdocs/vendor/laravel/framework/src/Illuminate/Pipeline/Pipeline.php(208): Illuminate\\Http\\Middleware\\TrustProxies->handle(Object(Illuminate\\Http\\Request), Object(Closure))
#76 /home/vol1_1/infinityfree.com/if0_38241904/moraw.ct.ws/htdocs/vendor/laravel/framework/src/Illuminate/Foundation/Http/Middleware/InvokeDeferredCallbacks.php(22): Illuminate\\Pipeline\\Pipeline->Illuminate\\Pipeline\\{closure}(Object(Illuminate\\Http\\Request))
#77 /home/vol1_1/infinityfree.com/if0_38241904/moraw.ct.ws/htdocs/vendor/laravel/framework/src/Illuminate/Pipeline/Pipeline.php(208): Illuminate\\Foundation\\Http\\Middleware\\InvokeDeferredCallbacks->handle(Object(Illuminate\\Http\\Request), Object(Closure))
#78 /home/vol1_1/infinityfree.com/if0_38241904/moraw.ct.ws/htdocs/vendor/laravel/framework/src/Illuminate/Http/Middleware/ValidatePathEncoding.php(26): Illuminate\\Pipeline\\Pipeline->Illuminate\\Pipeline\\{closure}(Object(Illuminate\\Http\\Request))
#79 /home/vol1_1/infinityfree.com/if0_38241904/moraw.ct.ws/htdocs/vendor/laravel/framework/src/Illuminate/Pipeline/Pipeline.php(208): Illuminate\\Http\\Middleware\\ValidatePathEncoding->handle(Object(Illuminate\\Http\\Request), Object(Closure))
#80 /home/vol1_1/infinityfree.com/if0_38241904/moraw.ct.ws/htdocs/vendor/laravel/framework/src/Illuminate/Pipeline/Pipeline.php(126): Illuminate\\Pipeline\\Pipeline->Illuminate\\Pipeline\\{closure}(Object(Illuminate\\Http\\Request))
#81 /home/vol1_1/infinityfree.com/if0_38241904/moraw.ct.ws/htdocs/vendor/laravel/framework/src/Illuminate/Foundation/Http/Kernel.php(175): Illuminate\\Pipeline\\Pipeline->then(Object(Closure))
#82 /home/vol1_1/infinityfree.com/if0_38241904/moraw.ct.ws/htdocs/vendor/laravel/framework/src/Illuminate/Foundation/Http/Kernel.php(144): Illuminate\\Foundation\\Http\\Kernel->sendRequestThroughRouter(Object(Illuminate\\Http\\Request))
#83 /home/vol1_1/infinityfree.com/if0_38241904/moraw.ct.ws/htdocs/vendor/laravel/framework/src/Illuminate/Foundation/Application.php(1219): Illuminate\\Foundation\\Http\\Kernel->handle(Object(Illuminate\\Http\\Request))
#84 /home/vol1_1/infinityfree.com/if0_38241904/moraw.ct.ws/htdocs/public/index.php(20): Illuminate\\Foundation\\Application->handleRequest(Object(Illuminate\\Http\\Request))
#85 {main}

[previous exception] [object] (PDOException(code: 42S22): SQLSTATE[42S22]: Column not found: 1054 Unknown column 'data' in 'field list' at /home/vol1_1/infinityfree.com/if0_38241904/moraw.ct.ws/htdocs/vendor/laravel/framework/src/Illuminate/Database/Connection.php:404)
[stacktrace]
#0 /home/vol1_1/infinityfree.com/if0_38241904/moraw.ct.ws/htdocs/vendor/laravel/framework/src/Illuminate/Database/Connection.php(404): PDO->prepare('select DATE_FOR...')
#1 /home/vol1_1/infinityfree.com/if0_38241904/moraw.ct.ws/htdocs/vendor/laravel/framework/src/Illuminate/Database/Connection.php(809): Illuminate\\Database\\Connection->Illuminate\\Database\\{closure}('select DATE_FOR...', Array)
#2 /home/vol1_1/infinityfree.com/if0_38241904/moraw.ct.ws/htdocs/vendor/laravel/framework/src/Illuminate/Database/Connection.php(776): Illuminate\\Database\\Connection->runQueryCallback('select DATE_FOR...', Array, Object(Closure))
#3 /home/vol1_1/infinityfree.com/if0_38241904/moraw.ct.ws/htdocs/vendor/laravel/framework/src/Illuminate/Database/Connection.php(395): Illuminate\\Database\\Connection->run('select DATE_FOR...', Array, Object(Closure))
#4 /home/vol1_1/infinityfree.com/if0_38241904/moraw.ct.ws/htdocs/vendor/laravel/framework/src/Illuminate/Database/Query/Builder.php(3117): Illuminate\\Database\\Connection->select('select DATE_FOR...', Array, true)
#5 /home/vol1_1/infinityfree.com/if0_38241904/moraw.ct.ws/htdocs/vendor/laravel/framework/src/Illuminate/Database/Query/Builder.php(3102): Illuminate\\Database\\Query\\Builder->runSelect()
#6 /home/vol1_1/infinityfree.com/if0_38241904/moraw.ct.ws/htdocs/vendor/laravel/framework/src/Illuminate/Database/Query/Builder.php(3689): Illuminate\\Database\\Query\\Builder->Illuminate\\Database\\Query\\{closure}()
#7 /home/vol1_1/infinityfree.com/if0_38241904/moraw.ct.ws/htdocs/vendor/laravel/framework/src/Illuminate/Database/Query/Builder.php(3101): Illuminate\\Database\\Query\\Builder->onceWithColumns(Array, Object(Closure))
#8 /home/vol1_1/infinityfree.com/if0_38241904/moraw.ct.ws/htdocs/vendor/laravel/framework/src/Illuminate/Database/Eloquent/Builder.php(871): Illuminate\\Database\\Query\\Builder->get(Array)
#9 /home/vol1_1/infinityfree.com/if0_38241904/moraw.ct.ws/htdocs/vendor/laravel/framework/src/Illuminate/Database/Eloquent/Builder.php(853): Illuminate\\Database\\Eloquent\\Builder->getModels(Array)
#10 /home/vol1_1/infinityfree.com/if0_38241904/moraw.ct.ws/htdocs/app/Livewire/Unp/Dashboard.php(87): Illuminate\\Database\\Eloquent\\Builder->get()
#11 /home/vol1_1/infinityfree.com/if0_38241904/moraw.ct.ws/htdocs/vendor/laravel/framework/src/Illuminate/Container/BoundMethod.php(36): App\\Livewire\\Unp\\Dashboard->mount()
#12 /home/vol1_1/infinityfree.com/if0_38241904/moraw.ct.ws/htdocs/vendor/laravel/framework/src/Illuminate/Container/Util.php(43): Illuminate\\Container\\BoundMethod::Illuminate\\Container\\{closure}()
#13 /home/vol1_1/infinityfree.com/if0_38241904/moraw.ct.ws/htdocs/vendor/laravel/framework/src/Illuminate/Container/BoundMethod.php(96): Illuminate\\Container\\Util::unwrapIfClosure(Object(Closure))
#14 /home/vol1_1/infinityfree.com/if0_38241904/moraw.ct.ws/htdocs/vendor/laravel/framework/src/Illuminate/Container/BoundMethod.php(35): Illuminate\\Container\\BoundMethod::callBoundMethod(Object(Illuminate\\Foundation\\Application), Array, Object(Closure))
#15 /home/vol1_1/infinityfree.com/if0_38241904/moraw.ct.ws/htdocs/vendor/livewire/livewire/src/Wrapped.php(23): Illuminate\\Container\\BoundMethod::call(Object(Illuminate\\Foundation\\Application), Array, Array)
#16 /home/vol1_1/infinityfree.com/if0_38241904/moraw.ct.ws/htdocs/vendor/livewire/livewire/src/Features/SupportLifecycleHooks/SupportLifecycleHooks.php(134): Livewire\\Wrapped->__call('mount', Array)
#17 /home/vol1_1/infinityfree.com/if0_38241904/moraw.ct.ws/htdocs/vendor/livewire/livewire/src/Features/SupportLifecycleHooks/SupportLifecycleHooks.php(20): Livewire\\Features\\SupportLifecycleHooks\\SupportLifecycleHooks->callHook('mount', Array)
#18 /home/vol1_1/infinityfree.com/if0_38241904/moraw.ct.ws/htdocs/vendor/livewire/livewire/src/ComponentHook.php(19): Livewire\\Features\\SupportLifecycleHooks\\SupportLifecycleHooks->mount(Array, false)
#19 /home/vol1_1/infinityfree.com/if0_38241904/moraw.ct.ws/htdocs/vendor/livewire/livewire/src/ComponentHookRegistry.php(45): Livewire\\ComponentHook->callMount(Array, false)
#20 /home/vol1_1/infinityfree.com/if0_38241904/moraw.ct.ws/htdocs/vendor/livewire/livewire/src/EventBus.php(60): Livewire\\ComponentHookRegistry::Livewire\\{closure}(Object(App\\Livewire\\Unp\\Dashboard), Array, NULL, false)
#21 /home/vol1_1/infinityfree.com/if0_38241904/moraw.ct.ws/htdocs/vendor/livewire/livewire/src/helpers.php(98): Livewire\\EventBus->trigger('mount', Object(App\\Livewire\\Unp\\Dashboard), Array, NULL, false)
#22 /home/vol1_1/infinityfree.com/if0_38241904/moraw.ct.ws/htdocs/vendor/livewire/livewire/src/Mechanisms/HandleComponents/HandleComponents.php(50): Livewire\\trigger('mount', Object(App\\Livewire\\Unp\\Dashboard), Array, NULL, false)
#23 /home/vol1_1/infinityfree.com/if0_38241904/moraw.ct.ws/htdocs/vendor/livewire/livewire/src/LivewireManager.php(73): Livewire\\Mechanisms\\HandleComponents\\HandleComponents->mount('App\\\\Livewire\\\\Un...', Array, NULL)
#24 /home/vol1_1/infinityfree.com/if0_38241904/moraw.ct.ws/htdocs/vendor/livewire/livewire/src/Features/SupportPageComponents/HandlesPageComponents.php(17): Livewire\\LivewireManager->mount('App\\\\Livewire\\\\Un...', Array)
#25 /home/vol1_1/infinityfree.com/if0_38241904/moraw.ct.ws/htdocs/vendor/livewire/livewire/src/Features/SupportPageComponents/SupportPageComponents.php(117): Livewire\\Component->Livewire\\Features\\SupportPageComponents\\{closure}()
#26 /home/vol1_1/infinityfree.com/if0_38241904/moraw.ct.ws/htdocs/vendor/livewire/livewire/src/Features/SupportPageComponents/HandlesPageComponents.php(14): Livewire\\Features\\SupportPageComponents\\SupportPageComponents::interceptTheRenderOfTheComponentAndRetreiveTheLayoutConfiguration(Object(Closure))
#27 /home/vol1_1/infinityfree.com/if0_38241904/moraw.ct.ws/htdocs/vendor/laravel/framework/src/Illuminate/Routing/ControllerDispatcher.php(46): Livewire\\Component->__invoke()
#28 /home/vol1_1/infinityfree.com/if0_38241904/moraw.ct.ws/htdocs/vendor/laravel/framework/src/Illuminate/Routing/Route.php(265): Illuminate\\Routing\\ControllerDispatcher->dispatch(Object(Illuminate\\Routing\\Route), Object(App\\Livewire\\Unp\\Dashboard), '__invoke')
#29 /home/vol1_1/infinityfree.com/if0_38241904/moraw.ct.ws/htdocs/vendor/laravel/framework/src/Illuminate/Routing/Route.php(211): Illuminate\\Routing\\Route->runController()
#30 /home/vol1_1/infinityfree.com/if0_38241904/moraw.ct.ws/htdocs/vendor/laravel/framework/src/Illuminate/Routing/Router.php(808): Illuminate\\Routing\\Route->run()
#31 /home/vol1_1/infinityfree.com/if0_38241904/moraw.ct.ws/htdocs/vendor/laravel/framework/src/Illuminate/Pipeline/Pipeline.php(169): Illuminate\\Routing\\Router->Illuminate\\Routing\\{closure}(Object(Illuminate\\Http\\Request))
#32 /home/vol1_1/infinityfree.com/if0_38241904/moraw.ct.ws/htdocs/vendor/spatie/laravel-permission/src/Middleware/PermissionMiddleware.php(37): Illuminate\\Pipeline\\Pipeline->Illuminate\\Pipeline\\{closure}(Object(Illuminate\\Http\\Request))
#33 /home/vol1_1/infinityfree.com/if0_38241904/moraw.ct.ws/htdocs/vendor/laravel/framework/src/Illuminate/Pipeline/Pipeline.php(208): Spatie\\Permission\\Middleware\\PermissionMiddleware->handle(Object(Illuminate\\Http\\Request), Object(Closure), 'view unp dashbo...')
#34 /home/vol1_1/infinityfree.com/if0_38241904/moraw.ct.ws/htdocs/vendor/laravel/framework/src/Illuminate/Auth/Middleware/EnsureEmailIsVerified.php(41): Illuminate\\Pipeline\\Pipeline->Illuminate\\Pipeline\\{closure}(Object(Illuminate\\Http\\Request))
#35 /home/vol1_1/infinityfree.com/if0_38241904/moraw.ct.ws/htdocs/vendor/laravel/framework/src/Illuminate/Pipeline/Pipeline.php(208): Illuminate\\Auth\\Middleware\\EnsureEmailIsVerified->handle(Object(Illuminate\\Http\\Request), Object(Closure))
#36 /home/vol1_1/infinityfree.com/if0_38241904/moraw.ct.ws/htdocs/app/Http/Middleware/RedirectBasedOnRole.php(22): Illuminate\\Pipeline\\Pipeline->Illuminate\\Pipeline\\{closure}(Object(Illuminate\\Http\\Request))
#37 /home/vol1_1/infinityfree.com/if0_38241904/moraw.ct.ws/htdocs/vendor/laravel/framework/src/Illuminate/Pipeline/Pipeline.php(208): App\\Http\\Middleware\\RedirectBasedOnRole->handle(Object(Illuminate\\Http\\Request), Object(Closure))
#38 /home/vol1_1/infinityfree.com/if0_38241904/moraw.ct.ws/htdocs/vendor/laravel/framework/src/Illuminate/Routing/Middleware/SubstituteBindings.php(50): Illuminate\\Pipeline\\Pipeline->Illuminate\\Pipeline\\{closure}(Object(Illuminate\\Http\\Request))
#39 /home/vol1_1/infinityfree.com/if0_38241904/moraw.ct.ws/htdocs/vendor/laravel/framework/src/Illuminate/Pipeline/Pipeline.php(208): Illuminate\\Routing\\Middleware\\SubstituteBindings->handle(Object(Illuminate\\Http\\Request), Object(Closure))
#40 /home/vol1_1/infinityfree.com/if0_38241904/moraw.ct.ws/htdocs/vendor/laravel/framework/src/Illuminate/Session/Middleware/AuthenticateSession.php(66): Illuminate\\Pipeline\\Pipeline->Illuminate\\Pipeline\\{closure}(Object(Illuminate\\Http\\Request))
#41 /home/vol1_1/infinityfree.com/if0_38241904/moraw.ct.ws/htdocs/vendor/laravel/framework/src/Illuminate/Pipeline/Pipeline.php(208): Illuminate\\Session\\Middleware\\AuthenticateSession->handle(Object(Illuminate\\Http\\Request), Object(Closure))
#42 /home/vol1_1/infinityfree.com/if0_38241904/moraw.ct.ws/htdocs/vendor/laravel/framework/src/Illuminate/Auth/Middleware/Authenticate.php(63): Illuminate\\Pipeline\\Pipeline->Illuminate\\Pipeline\\{closure}(Object(Illuminate\\Http\\Request))
#43 /home/vol1_1/infinityfree.com/if0_38241904/moraw.ct.ws/htdocs/vendor/laravel/framework/src/Illuminate/Pipeline/Pipeline.php(208): Illuminate\\Auth\\Middleware\\Authenticate->handle(Object(Illuminate\\Http\\Request), Object(Closure), 'sanctum')
#44 /home/vol1_1/infinityfree.com/if0_38241904/moraw.ct.ws/htdocs/vendor/laravel/framework/src/Illuminate/Foundation/Http/Middleware/VerifyCsrfToken.php(87): Illuminate\\Pipeline\\Pipeline->Illuminate\\Pipeline\\{closure}(Object(Illuminate\\Http\\Request))
#45 /home/vol1_1/infinityfree.com/if0_38241904/moraw.ct.ws/htdocs/vendor/laravel/framework/src/Illuminate/Pipeline/Pipeline.php(208): Illuminate\\Foundation\\Http\\Middleware\\VerifyCsrfToken->handle(Object(Illuminate\\Http\\Request), Object(Closure))
#46 /home/vol1_1/infinityfree.com/if0_38241904/moraw.ct.ws/htdocs/vendor/laravel/framework/src/Illuminate/View/Middleware/ShareErrorsFromSession.php(48): Illuminate\\Pipeline\\Pipeline->Illuminate\\Pipeline\\{closure}(Object(Illuminate\\Http\\Request))
#47 /home/vol1_1/infinityfree.com/if0_38241904/moraw.ct.ws/htdocs/vendor/laravel/framework/src/Illuminate/Pipeline/Pipeline.php(208): Illuminate\\View\\Middleware\\ShareErrorsFromSession->handle(Object(Illuminate\\Http\\Request), Object(Closure))
#48 /home/vol1_1/infinityfree.com/if0_38241904/moraw.ct.ws/htdocs/vendor/laravel/framework/src/Illuminate/Session/Middleware/StartSession.php(120): Illuminate\\Pipeline\\Pipeline->Illuminate\\Pipeline\\{closure}(Object(Illuminate\\Http\\Request))
#49 /home/vol1_1/infinityfree.com/if0_38241904/moraw.ct.ws/htdocs/vendor/laravel/framework/src/Illuminate/Session/Middleware/StartSession.php(63): Illuminate\\Session\\Middleware\\StartSession->handleStatefulRequest(Object(Illuminate\\Http\\Request), Object(Illuminate\\Session\\Store), Object(Closure))
#50 /home/vol1_1/infinityfree.com/if0_38241904/moraw.ct.ws/htdocs/vendor/laravel/framework/src/Illuminate/Pipeline/Pipeline.php(208): Illuminate\\Session\\Middleware\\StartSession->handle(Object(Illuminate\\Http\\Request), Object(Closure))
#51 /home/vol1_1/infinityfree.com/if0_38241904/moraw.ct.ws/htdocs/vendor/laravel/framework/src/Illuminate/Cookie/Middleware/AddQueuedCookiesToResponse.php(36): Illuminate\\Pipeline\\Pipeline->Illuminate\\Pipeline\\{closure}(Object(Illuminate\\Http\\Request))
#52 /home/vol1_1/infinityfree.com/if0_38241904/moraw.ct.ws/htdocs/vendor/laravel/framework/src/Illuminate/Pipeline/Pipeline.php(208): Illuminate\\Cookie\\Middleware\\AddQueuedCookiesToResponse->handle(Object(Illuminate\\Http\\Request), Object(Closure))
#53 /home/vol1_1/infinityfree.com/if0_38241904/moraw.ct.ws/htdocs/vendor/laravel/framework/src/Illuminate/Cookie/Middleware/EncryptCookies.php(74): Illuminate\\Pipeline\\Pipeline->Illuminate\\Pipeline\\{closure}(Object(Illuminate\\Http\\Request))
#54 /home/vol1_1/infinityfree.com/if0_38241904/moraw.ct.ws/htdocs/vendor/laravel/framework/src/Illuminate/Pipeline/Pipeline.php(208): Illuminate\\Cookie\\Middleware\\EncryptCookies->handle(Object(Illuminate\\Http\\Request), Object(Closure))
#55 /home/vol1_1/infinityfree.com/if0_38241904/moraw.ct.ws/htdocs/vendor/laravel/framework/src/Illuminate/Pipeline/Pipeline.php(126): Illuminate\\Pipeline\\Pipeline->Illuminate\\Pipeline\\{closure}(Object(Illuminate\\Http\\Request))
#56 /home/vol1_1/infinityfree.com/if0_38241904/moraw.ct.ws/htdocs/vendor/laravel/framework/src/Illuminate/Routing/Router.php(807): Illuminate\\Pipeline\\Pipeline->then(Object(Closure))
#57 /home/vol1_1/infinityfree.com/if0_38241904/moraw.ct.ws/htdocs/vendor/laravel/framework/src/Illuminate/Routing/Router.php(786): Illuminate\\Routing\\Router->runRouteWithinStack(Object(Illuminate\\Routing\\Route), Object(Illuminate\\Http\\Request))
#58 /home/vol1_1/infinityfree.com/if0_38241904/moraw.ct.ws/htdocs/vendor/laravel/framework/src/Illuminate/Routing/Router.php(750): Illuminate\\Routing\\Router->runRoute(Object(Illuminate\\Http\\Request), Object(Illuminate\\Routing\\Route))
#59 /home/vol1_1/infinityfree.com/if0_38241904/moraw.ct.ws/htdocs/vendor/laravel/framework/src/Illuminate/Routing/Router.php(739): Illuminate\\Routing\\Router->dispatchToRoute(Object(Illuminate\\Http\\Request))
#60 /home/vol1_1/infinityfree.com/if0_38241904/moraw.ct.ws/htdocs/vendor/laravel/framework/src/Illuminate/Foundation/Http/Kernel.php(200): Illuminate\\Routing\\Router->dispatch(Object(Illuminate\\Http\\Request))
#61 /home/vol1_1/infinityfree.com/if0_38241904/moraw.ct.ws/htdocs/vendor/laravel/framework/src/Illuminate/Pipeline/Pipeline.php(169): Illuminate\\Foundation\\Http\\Kernel->Illuminate\\Foundation\\Http\\{closure}(Object(Illuminate\\Http\\Request))
#62 /home/vol1_1/infinityfree.com/if0_38241904/moraw.ct.ws/htdocs/vendor/livewire/livewire/src/Features/SupportDisablingBackButtonCache/DisableBackButtonCacheMiddleware.php(19): Illuminate\\Pipeline\\Pipeline->Illuminate\\Pipeline\\{closure}(Object(Illuminate\\Http\\Request))
#63 /home/vol1_1/infinityfree.com/if0_38241904/moraw.ct.ws/htdocs/vendor/laravel/framework/src/Illuminate/Pipeline/Pipeline.php(208): Livewire\\Features\\SupportDisablingBackButtonCache\\DisableBackButtonCacheMiddleware->handle(Object(Illuminate\\Http\\Request), Object(Closure))
#64 /home/vol1_1/infinityfree.com/if0_38241904/moraw.ct.ws/htdocs/vendor/laravel/framework/src/Illuminate/Foundation/Http/Middleware/TransformsRequest.php(21): Illuminate\\Pipeline\\Pipeline->Illuminate\\Pipeline\\{closure}(Object(Illuminate\\Http\\Request))
#65 /home/vol1_1/infinityfree.com/if0_38241904/moraw.ct.ws/htdocs/vendor/laravel/framework/src/Illuminate/Foundation/Http/Middleware/ConvertEmptyStringsToNull.php(31): Illuminate\\Foundation\\Http\\Middleware\\TransformsRequest->handle(Object(Illuminate\\Http\\Request), Object(Closure))
#66 /home/vol1_1/infinityfree.com/if0_38241904/moraw.ct.ws/htdocs/vendor/laravel/framework/src/Illuminate/Pipeline/Pipeline.php(208): Illuminate\\Foundation\\Http\\Middleware\\ConvertEmptyStringsToNull->handle(Object(Illuminate\\Http\\Request), Object(Closure))
#67 /home/vol1_1/infinityfree.com/if0_38241904/moraw.ct.ws/htdocs/vendor/laravel/framework/src/Illuminate/Foundation/Http/Middleware/TransformsRequest.php(21): Illuminate\\Pipeline\\Pipeline->Illuminate\\Pipeline\\{closure}(Object(Illuminate\\Http\\Request))
#68 /home/vol1_1/infinityfree.com/if0_38241904/moraw.ct.ws/htdocs/vendor/laravel/framework/src/Illuminate/Foundation/Http/Middleware/TrimStrings.php(51): Illuminate\\Foundation\\Http\\Middleware\\TransformsRequest->handle(Object(Illuminate\\Http\\Request), Object(Closure))
#69 /home/vol1_1/infinityfree.com/if0_38241904/moraw.ct.ws/htdocs/vendor/laravel/framework/src/Illuminate/Pipeline/Pipeline.php(208): Illuminate\\Foundation\\Http\\Middleware\\TrimStrings->handle(Object(Illuminate\\Http\\Request), Object(Closure))
#70 /home/vol1_1/infinityfree.com/if0_38241904/moraw.ct.ws/htdocs/vendor/laravel/framework/src/Illuminate/Http/Middleware/ValidatePostSize.php(27): Illuminate\\Pipeline\\Pipeline->Illuminate\\Pipeline\\{closure}(Object(Illuminate\\Http\\Request))
#71 /home/vol1_1/infinityfree.com/if0_38241904/moraw.ct.ws/htdocs/vendor/laravel/framework/src/Illuminate/Pipeline/Pipeline.php(208): Illuminate\\Http\\Middleware\\ValidatePostSize->handle(Object(Illuminate\\Http\\Request), Object(Closure))
#72 /home/vol1_1/infinityfree.com/if0_38241904/moraw.ct.ws/htdocs/vendor/laravel/framework/src/Illuminate/Foundation/Http/Middleware/PreventRequestsDuringMaintenance.php(109): Illuminate\\Pipeline\\Pipeline->Illuminate\\Pipeline\\{closure}(Object(Illuminate\\Http\\Request))
#73 /home/vol1_1/infinityfree.com/if0_38241904/moraw.ct.ws/htdocs/vendor/laravel/framework/src/Illuminate/Pipeline/Pipeline.php(208): Illuminate\\Foundation\\Http\\Middleware\\PreventRequestsDuringMaintenance->handle(Object(Illuminate\\Http\\Request), Object(Closure))
#74 /home/vol1_1/infinityfree.com/if0_38241904/moraw.ct.ws/htdocs/vendor/laravel/framework/src/Illuminate/Http/Middleware/HandleCors.php(48): Illuminate\\Pipeline\\Pipeline->Illuminate\\Pipeline\\{closure}(Object(Illuminate\\Http\\Request))
#75 /home/vol1_1/infinityfree.com/if0_38241904/moraw.ct.ws/htdocs/vendor/laravel/framework/src/Illuminate/Pipeline/Pipeline.php(208): Illuminate\\Http\\Middleware\\HandleCors->handle(Object(Illuminate\\Http\\Request), Object(Closure))
#76 /home/vol1_1/infinityfree.com/if0_38241904/moraw.ct.ws/htdocs/vendor/laravel/framework/src/Illuminate/Http/Middleware/TrustProxies.php(58): Illuminate\\Pipeline\\Pipeline->Illuminate\\Pipeline\\{closure}(Object(Illuminate\\Http\\Request))
#77 /home/vol1_1/infinityfree.com/if0_38241904/moraw.ct.ws/htdocs/vendor/laravel/framework/src/Illuminate/Pipeline/Pipeline.php(208): Illuminate\\Http\\Middleware\\TrustProxies->handle(Object(Illuminate\\Http\\Request), Object(Closure))
#78 /home/vol1_1/infinityfree.com/if0_38241904/moraw.ct.ws/htdocs/vendor/laravel/framework/src/Illuminate/Foundation/Http/Middleware/InvokeDeferredCallbacks.php(22): Illuminate\\Pipeline\\Pipeline->Illuminate\\Pipeline\\{closure}(Object(Illuminate\\Http\\Request))
#79 /home/vol1_1/infinityfree.com/if0_38241904/moraw.ct.ws/htdocs/vendor/laravel/framework/src/Illuminate/Pipeline/Pipeline.php(208): Illuminate\\Foundation\\Http\\Middleware\\InvokeDeferredCallbacks->handle(Object(Illuminate\\Http\\Request), Object(Closure))
#80 /home/vol1_1/infinityfree.com/if0_38241904/moraw.ct.ws/htdocs/vendor/laravel/framework/src/Illuminate/Http/Middleware/ValidatePathEncoding.php(26): Illuminate\\Pipeline\\Pipeline->Illuminate\\Pipeline\\{closure}(Object(Illuminate\\Http\\Request))
#81 /home/vol1_1/infinityfree.com/if0_38241904/moraw.ct.ws/htdocs/vendor/laravel/framework/src/Illuminate/Pipeline/Pipeline.php(208): Illuminate\\Http\\Middleware\\ValidatePathEncoding->handle(Object(Illuminate\\Http\\Request), Object(Closure))
#82 /home/vol1_1/infinityfree.com/if0_38241904/moraw.ct.ws/htdocs/vendor/laravel/framework/src/Illuminate/Pipeline/Pipeline.php(126): Illuminate\\Pipeline\\Pipeline->Illuminate\\Pipeline\\{closure}(Object(Illuminate\\Http\\Request))
#83 /home/vol1_1/infinityfree.com/if0_38241904/moraw.ct.ws/htdocs/vendor/laravel/framework/src/Illuminate/Foundation/Http/Kernel.php(175): Illuminate\\Pipeline\\Pipeline->then(Object(Closure))
#84 /home/vol1_1/infinityfree.com/if0_38241904/moraw.ct.ws/htdocs/vendor/laravel/framework/src/Illuminate/Foundation/Http/Kernel.php(144): Illuminate\\Foundation\\Http\\Kernel->sendRequestThroughRouter(Object(Illuminate\\Http\\Request))
#85 /home/vol1_1/infinityfree.com/if0_38241904/moraw.ct.ws/htdocs/vendor/laravel/framework/src/Illuminate/Foundation/Application.php(1219): Illuminate\\Foundation\\Http\\Kernel->handle(Object(Illuminate\\Http\\Request))
#86 /home/vol1_1/infinityfree.com/if0_38241904/moraw.ct.ws/htdocs/public/index.php(20): Illuminate\\Foundation\\Application->handleRequest(Object(Illuminate\\Http\\Request))
#87 {main}
"} 
[2025-05-28 00:21:59] production.ERROR: Erro ao gerar PDF {"error":"file_get_contents(/home/vol1_1/infinityfree.com/if0_38241904/moraw.ct.ws/htdocs/storage/app/public/temp/thumbnails/temp/thumbnails/3ae729015c9baa6b99d48f387e26cba4.jpg): Failed to open stream: No such file or directory (View: /home/vol1_1/infinityfree.com/if0_38241904/moraw.ct.ws/htdocs/resources/views/livewire/evento/relatorio-cestas-pdf.blade.php)"} 
[2025-05-28 00:26:14] production.ERROR: Erro ao gerar PDF {"error":"syntax error, unexpected token \";\", expecting \"]\" (View: /home/vol1_1/infinityfree.com/if0_38241904/moraw.ct.ws/htdocs/resources/views/livewire/evento/relatorio-cestas-pdf.blade.php)"} 
[2025-05-28 00:26:25] production.ERROR: Erro ao gerar PDF {"error":"syntax error, unexpected token \";\", expecting \"]\" (View: /home/vol1_1/infinityfree.com/if0_38241904/moraw.ct.ws/htdocs/resources/views/livewire/evento/relatorio-cestas-pdf.blade.php)"} 
[2025-05-28 00:42:15] production.ERROR: Maximum execution time of 60 seconds exceeded {"userId":1,"exception":"[object] (Symfony\\Component\\ErrorHandler\\Error\\FatalError(code: 0): Maximum execution time of 60 seconds exceeded at /home/vol1_1/infinityfree.com/if0_38241904/moraw.ct.ws/htdocs/vendor/intervention/image/src/Intervention/Image/Gd/Commands/ResizeCommand.php:66)
[stacktrace]
#0 {main}
"} 
[2025-05-28 00:48:00] production.ERROR: Maximum execution time of 60 seconds exceeded {"userId":1,"exception":"[object] (Symfony\\Component\\ErrorHandler\\Error\\FatalError(code: 0): Maximum execution time of 60 seconds exceeded at /home/vol1_1/infinityfree.com/if0_38241904/moraw.ct.ws/htdocs/vendor/intervention/image/src/Intervention/Image/Gd/Decoder.php:38)
[stacktrace]
#0 {main}
"} 
[2025-05-28 00:51:56] production.ERROR: Maximum execution time of 60 seconds exceeded {"userId":1,"exception":"[object] (Symfony\\Component\\ErrorHandler\\Error\\FatalError(code: 0): Maximum execution time of 60 seconds exceeded at /home/vol1_1/infinityfree.com/if0_38241904/moraw.ct.ws/htdocs/vendor/intervention/image/src/Intervention/Image/Gd/Commands/ResizeCommand.php:66)
[stacktrace]
#0 {main}
"} 
[2025-05-28 01:01:29] production.ERROR: Maximum execution time of 60 seconds exceeded {"userId":1,"exception":"[object] (Symfony\\Component\\ErrorHandler\\Error\\FatalError(code: 0): Maximum execution time of 60 seconds exceeded at /home/vol1_1/infinityfree.com/if0_38241904/moraw.ct.ws/htdocs/vendor/intervention/image/src/Intervention/Image/Gd/Decoder.php:160)
[stacktrace]
#0 {main}
"} 
[2025-05-28 01:28:42] production.ERROR: Erro ao gerar PDF {"error":"syntax error, unexpected token \"}\" (View: /home/vol1_1/infinityfree.com/if0_38241904/moraw.ct.ws/htdocs/resources/views/livewire/evento/relatorio-cestas-pdf.blade.php)"} 
[2025-05-28 01:32:55] production.ERROR: Erro ao gerar PDF {"error":"syntax error, unexpected token \";\", expecting \"]\" (View: /home/vol1_1/infinityfree.com/if0_38241904/moraw.ct.ws/htdocs/resources/views/livewire/evento/relatorio-cestas-pdf.blade.php)"} 
[2025-05-28 01:40:25] production.ERROR: Maximum execution time of 60 seconds exceeded {"userId":1,"exception":"[object] (Symfony\\Component\\ErrorHandler\\Error\\FatalError(code: 0): Maximum execution time of 60 seconds exceeded at /home/vol1_1/infinityfree.com/if0_38241904/moraw.ct.ws/htdocs/vendor/intervention/image/src/Intervention/Image/Gd/Decoder.php:38)
[stacktrace]
#0 {main}
"} 
[2025-05-28 01:53:31] production.ERROR: Erro ao gerar PDF {"error":"Undefined variable $thumbnailDir"} 
